npm warn Unknown user config "npm". This will stop working in the next major version of npm.

> server@1.0.0 dev
> nodemon src/index.ts

[33m[nodemon] 3.1.11[39m
[33m[nodemon] to restart at any time, enter `rs`[39m
[33m[nodemon] watching path(s): *.*[39m
[33m[nodemon] watching extensions: ts,json[39m
[32m[nodemon] starting `ts-node src/index.ts`[39m
[dotenv@17.2.3] injecting env (0) from .env -- tip: 🔄 add secrets lifecycle management: https://dotenvx.com/ops
[dotenv@17.2.3] injecting env (0) from .env -- tip: 🔑 add access controls to secrets: https://dotenvx.com/ops
Server running on http://localhost:5000
[AUTH] OTP for 9999999999: 604295
[0mPOST /api/auth/send-otp [32m200[0m 1367.157 ms - 46[0m
[0mPOST /api/auth/verify-otp [32m200[0m 722.496 ms - 368[0m
[0mPOST /api/cart/items [32m201[0m 1941.825 ms - 276[0m
Healthians Auth Response Status: 200
Healthians Auth Response Data: {
  success: true,
  refresh_token: 'EegadmSUszQBSCjlfscD',
  access_token: 'eyJ0eXAiOiJKV1QiLCJhbGciOiJIUzI1NiJ9.eyJhcGlfc291cmNlX2lkIjoiMTEyMSIsImFwaV9zb3VyY2VfbmFtZSI6ImRvY25vdyIsImNoYW5uZWxfdHlwZSI6IjMiLCJjaGFubmVsX3VzZXIiOiI5Nzg3IiwibGVhZF9zb3VyY2UiOiIwIiwicmVmcmVzaF90b2tlbiI6IkVlZ2FkbVNVc3pRQlNDamxmc2NEIiwidGltZXN0YW1wIjoxNzcwMjEyNzI5fQ.q2noPvcgL37tF6acC3Eef9cjaAy4ra6kY1mGDGne3ZM',
  code: 200
}
Healthians Access Token Refreshed
Serviceability Data: {
  "status": true,
  "message": "This Lat Long is serviceable.",
  "data": {
    "zone_id": "53"
  },
  "resCode": "RES0001",
  "code": 200
}
[0mGET /api/slots?lat=28.5079338&long=77.0751538&zipcode=122016 [33m400[0m 1454.016 ms - 181[0m
[32m[nodemon] restarting due to changes...[39m
[32m[nodemon] starting `ts-node src/index.ts`[39m
[dotenv@17.2.3] injecting env (0) from .env -- tip: 🔑 add access controls to secrets: https://dotenvx.com/ops
[dotenv@17.2.3] injecting env (0) from .env -- tip: ⚙️  enable debug logging with { debug: true }
Server running on http://localhost:5000
[32m[nodemon] clean exit - waiting for changes before restart[39m
[32m[nodemon] restarting child process[39m
[32m[nodemon] starting `ts-node src/index.ts`[39m
[dotenv@17.2.3] injecting env (0) from .env -- tip: ⚙️  enable debug logging with { debug: true }
[dotenv@17.2.3] injecting env (0) from .env -- tip: 🔐 prevent committing .env to code: https://dotenvx.com/precommit
Server running on http://localhost:5000
[32m[nodemon] clean exit - waiting for changes before restart[39m
[32m[nodemon] restarting due to changes...[39m
[32m[nodemon] starting `ts-node src/index.ts`[39m
[dotenv@17.2.3] injecting env (0) from .env -- tip: ⚙️  override existing env vars with { override: true }
[dotenv@17.2.3] injecting env (0) from .env -- tip: ⚙️  override existing env vars with { override: true }
Server running on http://localhost:5000
[32m[nodemon] clean exit - waiting for changes before restart[39m
[32m[nodemon] restarting due to changes...[39m
[32m[nodemon] starting `ts-node src/index.ts`[39m

  meta: { modelName: 'Cart', field_name: 'Cart_userId_fkey (index)' }
}
[0mPOST /api/cart/items [31m500[0m 1966.022 ms - 33[0m
Healthians Auth Response Status: 200
Healthians Auth Response Data: {
  success: true,
  refresh_token: 'PIkPQbJJPdwHoNgVymDT',
  access_token: 'eyJ0eXAiOiJKV1QiLCJhbGciOiJIUzI1NiJ9.eyJhcGlfc291cmNlX2lkIjoiMTEyMSIsImFwaV9zb3VyY2VfbmFtZSI6ImRvY25vdyIsImNoYW5uZWxfdHlwZSI6IjMiLCJjaGFubmVsX3VzZXIiOiI5Nzg3IiwibGVhZF9zb3VyY2UiOiIwIiwicmVmcmVzaF90b2tlbiI6IlBJa1BRYkpKUGR3SG9OZ1Z5bURUIiwidGltZXN0YW1wIjoxNzcwMjEyODY0fQ.cXkW8QAZTZej2n_a2DvjUE0HkvxUYhYxiJzvyxEOkwA',
  code: 200
}
Healthians Access Token Refreshed
Get Cart Error: PrismaClientKnownRequestError: 
Invalid `prisma.cart.create()` invocation in
/home/rajanni/Desktop/DOCNOW/server/src/routes/cart.ts:31:38

  28 
  29 // Create cart if doesn't exist
  30 if (!cart) {
→ 31     cart = await prisma.cart.create(
Foreign key constraint violated: `Cart_userId_fkey (index)`
    at $n.handleRequestError (/home/rajanni/Desktop/DOCNOW/server/node_modules/@prisma/client/runtime/library.js:121:7315)
    at $n.handleAndLogRequestError (/home/rajanni/Desktop/DOCNOW/server/node_modules/@prisma/client/runtime/library.js:121:6623)
    at $n.request (/home/rajanni/Desktop/DOCNOW/server/node_modules/@prisma/client/runtime/library.js:121:6307)
    at async l (/home/rajanni/Desktop/DOCNOW/server/node_modules/@prisma/client/runtime/library.js:130:9633)
    at async /home/rajanni/Desktop/DOCNOW/server/src/routes/cart.ts:31:20 {
  code: 'P2003',
  clientVersion: '5.22.0',
  meta: { modelName: 'Cart', field_name: 'Cart_userId_fkey (index)' }
}
[0mGET /api/cart [31m500[0m 578.713 ms - 33[0m
[0mGET /api/catalog/products?zipcode=208021 [36m304[0m 892.942 ms - -[0m
Add to Cart Error: PrismaClientKnownRequestError: 
Invalid `prisma.cart.create()` invocation in
/home/rajanni/Desktop/DOCNOW/server/src/routes/cart.ts:73:38

  70 });
  71 
  72 if (!cart) {
→ 73     cart = await prisma.cart.create(
Foreign key constraint violated: `Cart_userId_fkey (index)`
    at $n.handleRequestError (/home/rajanni/Desktop/DOCNOW/server/node_modules/@prisma/client/runtime/library.js:121:7315)
    at $n.handleAndLogRequestError (/home/rajanni/Desktop/DOCNOW/server/node_modules/@prisma/client/runtime/library.js:121:6623)
    at $n.request (/home/rajanni/Desktop/DOCNOW/server/node_modules/@prisma/client/runtime/library.js:121:6307)
    at async l (/home/rajanni/Desktop/DOCNOW/server/node_modules/@prisma/client/runtime/library.js:130:9633)
    at async /home/rajanni/Desktop/DOCNOW/server/src/routes/cart.ts:73:20 {
  code: 'P2003',
  clientVersion: '5.22.0',
  meta: { modelName: 'Cart', field_name: 'Cart_userId_fkey (index)' }
}
[0mPOST /api/cart/items [31m500[0m 312.535 ms - 33[0m
[AUTH] OTP for 9999999999: 495379
[0mPOST /api/auth/send-otp [32m200[0m 1531.506 ms - 46[0m
[0mPOST /api/auth/send-otp [33m429[0m 311.247 ms - 52[0m
[32m[nodemon] restarting child process[39m
[32m[nodemon] starting `ts-node src/index.ts`[39m
[dotenv@17.2.3] injecting env (0) from .env -- tip: ✅ audit secrets and track compliance: https://dotenvx.com/ops
[dotenv@17.2.3] injecting env (0) from .env -- tip: 🔑 add access controls to secrets: https://dotenvx.com/ops
Server running on http://localhost:5000
Healthians Auth Response Status: 200
Healthians Auth Response Data: {
  success: true,
  refresh_token: 'HqPGOguRRQeclBEaVaTB',
  access_token: 'eyJ0eXAiOiJKV1QiLCJhbGciOiJIUzI1NiJ9.eyJhcGlfc291cmNlX2lkIjoiMTEyMSIsImFwaV9zb3VyY2VfbmFtZSI6ImRvY25vdyIsImNoYW5uZWxfdHlwZSI6IjMiLCJjaGFubmVsX3VzZXIiOiI5Nzg3IiwibGVhZF9zb3VyY2UiOiIwIiwicmVmcmVzaF90b2tlbiI6IkhxUEdPZ3VSUlFlY2xCRWFWYVRCIiwidGltZXN0YW1wIjoxNzcwMjEzMDA2fQ.Vm4c_Rz5QFfrg_yXRuDxt5LYgO7-3P2GUaRBLy8lCYs',
  code: 200
}
Healthians Access Token Refreshed
[0mGET /api/catalog/products?zipcode=208021 [36m304[0m 739.635 ms - -[0m
[AUTH] OTP for 9999999999: 198284
[0mPOST /api/auth/send-otp [32m200[0m 2445.934 ms - 46[0m
[0mPOST /api/auth/verify-otp [32m200[0m 742.191 ms - 368[0m
[0mGET /api/cart [32m200[0m 1731.900 ms - 418[0m
[0mPOST /api/cart/items [32m201[0m 1858.479 ms - 298[0m
[0mGET /api/cart [32m200[0m 195.620 ms - 677[0m
[0mGET /api/profile/patients [36m304[0m 1553.515 ms - -[0m
[0mGET /api/profile/patients [36m304[0m 94.883 ms - -[0m
[0mGET /api/profile/addresses [36m304[0m 1728.670 ms - -[0m
[0mGET /api/profile/addresses [36m304[0m 97.614 ms - -[0m
[0mPOST /api/profile/addresses [32m201[0m 2018.713 ms - 282[0m
[0mGET /api/profile/addresses [32m200[0m 104.000 ms - 233[0m
[0mGET /api/location/geocode?pincode=208021 [36m304[0m 221.858 ms - -[0m
Healthians Auth Response Status: 200
Healthians Auth Response Data: {
  success: true,
  refresh_token: 'gfINsIPRyOWylvwmpPoa',
  access_token: 'eyJ0eXAiOiJKV1QiLCJhbGciOiJIUzI1NiJ9.eyJhcGlfc291cmNlX2lkIjoiMTEyMSIsImFwaV9zb3VyY2VfbmFtZSI6ImRvY25vdyIsImNoYW5uZWxfdHlwZSI6IjMiLCJjaGFubmVsX3VzZXIiOiI5Nzg3IiwibGVhZF9zb3VyY2UiOiIwIiwicmVmcmVzaF90b2tlbiI6ImdmSU5zSVBSeU9XeWx2d21wUG9hIiwidGltZXN0YW1wIjoxNzcwMjEzMjA4fQ.iwCGZpZHmDFPs94iS6YPKFyYWZtGJuxkPmUbRVkJMNs',
  code: 200
}
Healthians Access Token Refreshed
Serviceability Data: {
  "status": false,
  "message": "This Lat Long is not serviceable.",
  "data": null,
  "resCode": "RES0031",
  "code": 200
}
[0mGET /api/slots?lat=26.3905621&long=80.30459669999999&zipcode=208021 [33m400[0m 1247.746 ms - 174[0m
[0mPOST /api/profile/addresses [33m400[0m 1.413 ms - 49[0m
[0mPOST /api/profile/addresses [32m201[0m 550.051 ms - 258[0m
[0mGET /api/profile/addresses [32m200[0m 107.138 ms - 441[0m
[0mGET /api/location/geocode?pincode=122016 [36m304[0m 159.217 ms - -[0m
Healthians Auth Response Status: 200
Healthians Auth Response Data: {
  success: true,
  refresh_token: 'bxIGWVOEamFyKmpqVquT',
  access_token: 'eyJ0eXAiOiJKV1QiLCJhbGciOiJIUzI1NiJ9.eyJhcGlfc291cmNlX2lkIjoiMTEyMSIsImFwaV9zb3VyY2VfbmFtZSI6ImRvY25vdyIsImNoYW5uZWxfdHlwZSI6IjMiLCJjaGFubmVsX3VzZXIiOiI5Nzg3IiwibGVhZF9zb3VyY2UiOiIwIiwicmVmcmVzaF90b2tlbiI6ImJ4SUdXVk9FYW1GeUttcHFWcXVUIiwidGltZXN0YW1wIjoxNzcwMjEzMzI3fQ.hryb_c4jFjW_XIo2dMGrd-ESLAiDEZEdsoHwX5pEKRQ',
  code: 200
}
Healthians Access Token Refreshed
Serviceability Data: {
  "status": true,
  "message": "This Lat Long is serviceable.",
  "data": {
    "zone_id": "53"
  },
  "resCode": "RES0001",
  "code": 200
}
Zone ID: 53
Slot Request Params: {
  lat: '28.5079338',
  long: '77.0751538',
  zipcode: '122016',
  zone_id: '53',
  slot_date: '2026-02-04',
  amount: 650,
  package: [ { deal_id: [Array] } ]
}
Healthians Auth Response Status: 200
Healthians Auth Response Data: {
  success: true,
  refresh_token: 'ItZpOUuGZKQsMXbgDtVm',
  access_token: 'eyJ0eXAiOiJKV1QiLCJhbGciOiJIUzI1NiJ9.eyJhcGlfc291cmNlX2lkIjoiMTEyMSIsImFwaV9zb3VyY2VfbmFtZSI6ImRvY25vdyIsImNoYW5uZWxfdHlwZSI6IjMiLCJjaGFubmVsX3VzZXIiOiI5Nzg3IiwibGVhZF9zb3VyY2UiOiIwIiwicmVmcmVzaF90b2tlbiI6Ikl0WnBPVXVHWktRc01YYmdEdFZtIiwidGltZXN0YW1wIjoxNzcwMjEzMzMxfQ.L3d7XAVkq4H9nM6tu4yYdU-O184DufDZ6JBZvcqGmXI',
  code: 200
}
Healthians Access Token Refreshed
getSlotsByLocation Error: AxiosError: Request failed with status code 405
    at settle (/home/rajanni/Desktop/DOCNOW/server/node_modules/axios/lib/core/settle.js:19:12)
    at IncomingMessage.handleStreamEnd (/home/rajanni/Desktop/DOCNOW/server/node_modules/axios/lib/adapters/http.js:798:11)
    at IncomingMessage.emit (node:events:520:35)
    at IncomingMessage.emit (node:domain:489:12)
    at endReadableNT (node:internal/streams/readable:1701:12)
    at processTicksAndRejections (node:internal/process/task_queues:89:21)
    at Axios.request (/home/rajanni/Desktop/DOCNOW/server/node_modules/axios/lib/core/Axios.js:45:41)
    at processTicksAndRejections (node:internal/process/task_queues:103:5)
    at async HealthiansAdapter.getSlotsByLocation (/home/rajanni/Desktop/DOCNOW/server/src/adapters/healthians.ts:155:30)
    at async /home/rajanni/Desktop/DOCNOW/server/src/routes/slots.ts:88:27 {
  isAxiosError: true,
  code: 'ERR_BAD_REQUEST',
  config: {
    transitional: {
      silentJSONParsing: true,
      forcedJSONParsing: true,
      clarifyTimeoutError: false
    },
    adapter: [ 'xhr', 'http', 'fetch' ],
    transformRequest: [ [Function: transformRequest] ],
    transformResponse: [ [Function: transformResponse] ],
    timeout: 0,
    xsrfCookieName: 'XSRF-TOKEN',
    xsrfHeaderName: 'X-XSRF-TOKEN',
    maxContentLength: -1,
    maxBodyLength: -1,
    env: { FormData: [Function], Blob: [class Blob] },
    validateStatus: [Function: validateStatus],
    headers: Object [AxiosHeaders] {
      Accept: 'application/json, text/plain, */*',
      'Content-Type': 'application/json',
      Authorization: 'Bearer eyJ0eXAiOiJKV1QiLCJhbGciOiJIUzI1NiJ9.eyJhcGlfc291cmNlX2lkIjoiMTEyMSIsImFwaV9zb3VyY2VfbmFtZSI6ImRvY25vdyIsImNoYW5uZWxfdHlwZSI6IjMiLCJjaGFubmVsX3VzZXIiOiI5Nzg3IiwibGVhZF9zb3VyY2UiOiIwIiwicmVmcmVzaF90b2tlbiI6Ikl0WnBPVXVHWktRc01YYmdEdFZtIiwidGltZXN0YW1wIjoxNzcwMjEzMzMxfQ.L3d7XAVkq4H9nM6tu4yYdU-O184DufDZ6JBZvcqGmXI',
      'User-Agent': 'axios/1.13.4',
      'Content-Length': '207',
      'Accept-Encoding': 'gzip, compress, deflate, br'
    },
    baseURL: 'https://t25crm.healthians.co.in/api/healthians',
    method: 'post',
    url: '/getslotsbylocation',
    data: '{"lat":"28.5079338","long":"77.0751538","zipcode":"122016","zone_id":"53","slot_date":"2026-02-04","amount":650,"package":[{"deal_id":["profile_1","parameter_18"]}],"get_ppmc_slots":0,"has_female_patient":0}',
    allowAbsoluteUrls: true
  },
  request: <ref *1> ClientRequest {
    _events: [Object: null prototype] {
      abort: [Function (anonymous)],
      aborted: [Function (anonymous)],
      connect: [Function (anonymous)],
      error: [Function (anonymous)],
      socket: [Function (anonymous)],
      timeout: [Function (anonymous)],
      finish: [Function: requestOnFinish]
    },
    _eventsCount: 7,
    _maxListeners: undefined,
    outputData: [],
    outputSize: 0,
    writable: true,
    destroyed: true,
    _last: false,
    chunkedEncoding: false,
    shouldKeepAlive: true,
    maxRequestsOnConnectionReached: false,
    _defaultKeepAlive: true,
    useChunkedEncodingByDefault: true,
    sendDate: false,
    _removedConnection: false,
    _removedContLen: false,
    _removedTE: false,
    strictContentLength: false,
    _contentLength: 207,
    _hasBody: true,
    _trailer: '',
    finished: true,
    _headerSent: true,
    _closed: true,
    _header: 'POST /api/healthians/getslotsbylocation HTTP/1.1\r\n' +
      'Accept: application/json, text/plain, */*\r\n' +
      'Content-Type: application/json\r\n' +
      'Authorization: Bearer eyJ0eXAiOiJKV1QiLCJhbGciOiJIUzI1NiJ9.eyJhcGlfc291cmNlX2lkIjoiMTEyMSIsImFwaV9zb3VyY2VfbmFtZSI6ImRvY25vdyIsImNoYW5uZWxfdHlwZSI6IjMiLCJjaGFubmVsX3VzZXIiOiI5Nzg3IiwibGVhZF9zb3VyY2UiOiIwIiwicmVmcmVzaF90b2tlbiI6Ikl0WnBPVXVHWktRc01YYmdEdFZtIiwidGltZXN0YW1wIjoxNzcwMjEzMzMxfQ.L3d7XAVkq4H9nM6tu4yYdU-O184DufDZ6JBZvcqGmXI\r\n' +
      'User-Agent: axios/1.13.4\r\n' +
      'Content-Length: 207\r\n' +
      'Accept-Encoding: gzip, compress, deflate, br\r\n' +
      'Host: t25crm.healthians.co.in\r\n' +
      'Connection: keep-alive\r\n' +
      '\r\n',
    _keepAliveTimeout: 0,
    _onPendingData: [Function: nop],
    agent: Agent {
      _events: [Object: null prototype],
      _eventsCount: 2,
      _maxListeners: undefined,
      options: [Object: null prototype],
      defaultPort: 443,
      protocol: 'https:',
      requests: [Object: null prototype] {},
      sockets: [Object: null prototype] {},
      freeSockets: [Object: null prototype],
      keepAliveMsecs: 1000,
      keepAlive: true,
      maxSockets: Infinity,
      maxFreeSockets: 256,
      scheduling: 'lifo',
      maxTotalSockets: Infinity,
      totalSocketCount: 2,
      agentKeepAliveTimeoutBuffer: 1000,
      maxCachedSessions: 100,
      _sessionCache: [Object],
      Symbol(shapeMode): false,
      Symbol(kCapture): false
    },
    socketPath: undefined,
    method: 'POST',
    maxHeaderSize: undefined,
    insecureHTTPParser: undefined,
    joinDuplicateHeaders: undefined,
    path: '/api/healthians/getslotsbylocation',
    _ended: true,
    res: IncomingMessage {
      _events: [Object],
      _readableState: [ReadableState],
      _maxListeners: undefined,
      socket: null,
      httpVersionMajor: 1,
      httpVersionMinor: 1,
      httpVersion: '1.1',
      complete: true,
      rawHeaders: [Array],
      rawTrailers: [],
      joinDuplicateHeaders: undefined,
      aborted: false,
      upgrade: false,
      url: '',
      method: null,
      statusCode: 405,
      statusMessage: 'Method Not Allowed',
      client: [TLSSocket],
      _consuming: true,
      _dumped: false,
      req: [Circular *1],
      _eventsCount: 4,
      responseUrl: 'https://t25crm.healthians.co.in/api/healthians/getslotsbylocation',
      redirects: [],
      Symbol(shapeMode): true,
      Symbol(kCapture): false,
      Symbol(kHeaders): [Object],
      Symbol(kHeadersCount): 30,
      Symbol(kTrailers): null,
      Symbol(kTrailersCount): 0
    },
    aborted: false,
    timeoutCb: null,
    upgradeOrConnect: false,
    parser: null,
    maxHeadersCount: null,
    reusedSocket: true,
    host: 't25crm.healthians.co.in',
    protocol: 'https:',
    _redirectable: Writable {
      _events: [Object],
      _writableState: [WritableState],
      _maxListeners: undefined,
      _options: [Object],
      _ended: true,
      _ending: true,
      _redirectCount: 0,
      _redirects: [],
      _requestBodyLength: 207,
      _requestBodyBuffers: [],
      _eventsCount: 3,
      _onNativeResponse: [Function (anonymous)],
      _currentRequest: [Circular *1],
      _currentUrl: 'https://t25crm.healthians.co.in/api/healthians/getslotsbylocation',
      _timeout: null,
      Symbol(shapeMode): true,
      Symbol(kCapture): false
    },
    Symbol(shapeMode): false,
    Symbol(kCapture): false,
    Symbol(kBytesWritten): 0,
    Symbol(kNeedDrain): false,
    Symbol(corked): 0,
    Symbol(kChunkedBuffer): [],
    Symbol(kChunkedLength): 0,
    Symbol(kSocket): TLSSocket {
      _tlsOptions: [Object],
      _secureEstablished: true,
      _securePending: false,
      _newSessionPending: false,
      _controlReleased: true,
      secureConnecting: false,
      _SNICallback: null,
      servername: 't25crm.healthians.co.in',
      alpnProtocol: false,
      authorized: true,
      authorizationError: null,
      encrypted: true,
      _events: [Object: null prototype],
      _eventsCount: 9,
      connecting: false,
      _hadError: false,
      _parent: null,
      _host: 't25crm.healthians.co.in',
      _closeAfterHandlingError: false,
      _readableState: [ReadableState],
      _writableState: [WritableState],
      allowHalfOpen: false,
      _maxListeners: undefined,
      _sockname: null,
      _pendingData: null,
      _pendingEncoding: '',
      server: undefined,
      _server: null,
      ssl: [TLSWrap],
      _requestCert: true,
      _rejectUnauthorized: true,
      timeout: 5000,
      parser: null,
      _httpMessage: null,
      autoSelectFamilyAttemptedAddresses: [Array],
      Symbol(alpncallback): null,
      Symbol(res): [TLSWrap],
      Symbol(verified): true,
      Symbol(pendingSession): null,
      Symbol(async_id_symbol): -1,
      Symbol(kHandle): [TLSWrap],
      Symbol(lastWriteQueueSize): 0,
      Symbol(timeout): Timeout {
        _idleTimeout: 5000,
        _idlePrev: [TimersList],
        _idleNext: [Timeout],
        _idleStart: 403227,
        _onTimeout: [Function: bound ],
        _timerArgs: undefined,
        _repeat: null,
        _destroyed: false,
        Symbol(refed): false,
        Symbol(kHasPrimitive): false,
        Symbol(asyncId): 729,
        Symbol(triggerId): 727,
        Symbol(kAsyncContextFrame): undefined
      },
      Symbol(kBuffer): null,
      Symbol(kBufferCb): null,
      Symbol(kBufferGen): null,
      Symbol(shapeMode): true,
      Symbol(kCapture): false,
      Symbol(kSetNoDelay): false,
      Symbol(kSetKeepAlive): true,
      Symbol(kSetKeepAliveInitialDelay): 1,
      Symbol(kBytesRead): 0,
      Symbol(kBytesWritten): 0,
      Symbol(connect-options): [Object]
    },
    Symbol(kOutHeaders): [Object: null prototype] {
      accept: [Array],
      'content-type': [Array],
      authorization: [Array],
      'user-agent': [Array],
      'content-length': [Array],
      'accept-encoding': [Array],
      host: [Array]
    },
    Symbol(errored): null,
    Symbol(kHighWaterMark): 65536,
    Symbol(kRejectNonStandardBodyWrites): false,
    Symbol(kUniqueHeaders): null
  },
  response: {
    status: 405,
    statusText: 'Method Not Allowed',
    headers: Object [AxiosHeaders] {
      'content-type': 'application/json; charset=utf-8',
      'transfer-encoding': 'chunked',
      connection: 'keep-alive',
      date: 'Wed, 04 Feb 2026 13:55:31 GMT',
      'access-control-allow-headers': 'Origin, Accept, Content-Length, Content-Type, Date, X-Response-Time, X-CSRF-Token, X-Requested-With, X-Api-Token',
      'access-control-allow-methods': 'GET,POST,PUT,OPTIONS',
      'x-powered-by': 'Team Healthians',
      server: 'Operation Theatre v1.0',
      'x-factor': 'hr@healthians.com',
      'set-cookie': [Array],
      'x-php-response-code': '405',
      'x-cache': 'Error from cloudfront',
      via: '1.1 37f13557e2060b90acb54b0e24c660a4.cloudfront.net (CloudFront)',
      'x-amz-cf-pop': 'DEL51-P1',
      'x-amz-cf-id': 'DUBlYqmwu0fzhPvZra8jHhVRv9fp3wGsjm925Yd31A4G5NN7ZgpOqA=='
    },
    config: {
      transitional: [Object],
      adapter: [Array],
      transformRequest: [Array],
      transformResponse: [Array],
      timeout: 0,
      xsrfCookieName: 'XSRF-TOKEN',
      xsrfHeaderName: 'X-XSRF-TOKEN',
      maxContentLength: -1,
      maxBodyLength: -1,
      env: [Object],
      validateStatus: [Function: validateStatus],
      headers: [Object [AxiosHeaders]],
      baseURL: 'https://t25crm.healthians.co.in/api/healthians',
      method: 'post',
      url: '/getslotsbylocation',
      data: '{"lat":"28.5079338","long":"77.0751538","zipcode":"122016","zone_id":"53","slot_date":"2026-02-04","amount":650,"package":[{"deal_id":["profile_1","parameter_18"]}],"get_ppmc_slots":0,"has_female_patient":0}',
      allowAbsoluteUrls: true
    },
    request: <ref *1> ClientRequest {
      _events: [Object: null prototype],
      _eventsCount: 7,
      _maxListeners: undefined,
      outputData: [],
      outputSize: 0,
      writable: true,
      destroyed: true,
      _last: false,
      chunkedEncoding: false,
      shouldKeepAlive: true,
      maxRequestsOnConnectionReached: false,
      _defaultKeepAlive: true,
      useChunkedEncodingByDefault: true,
      sendDate: false,
      _removedConnection: false,
      _removedContLen: false,
      _removedTE: false,
      strictContentLength: false,
      _contentLength: 207,
      _hasBody: true,
      _trailer: '',
      finished: true,
      _headerSent: true,
      _closed: true,
      _header: 'POST /api/healthians/getslotsbylocation HTTP/1.1\r\n' +
        'Accept: application/json, text/plain, */*\r\n' +
        'Content-Type: application/json\r\n' +
        'Authorization: Bearer eyJ0eXAiOiJKV1QiLCJhbGciOiJIUzI1NiJ9.eyJhcGlfc291cmNlX2lkIjoiMTEyMSIsImFwaV9zb3VyY2VfbmFtZSI6ImRvY25vdyIsImNoYW5uZWxfdHlwZSI6IjMiLCJjaGFubmVsX3VzZXIiOiI5Nzg3IiwibGVhZF9zb3VyY2UiOiIwIiwicmVmcmVzaF90b2tlbiI6Ikl0WnBPVXVHWktRc01YYmdEdFZtIiwidGltZXN0YW1wIjoxNzcwMjEzMzMxfQ.L3d7XAVkq4H9nM6tu4yYdU-O184DufDZ6JBZvcqGmXI\r\n' +
        'User-Agent: axios/1.13.4\r\n' +
        'Content-Length: 207\r\n' +
        'Accept-Encoding: gzip, compress, deflate, br\r\n' +
        'Host: t25crm.healthians.co.in\r\n' +
        'Connection: keep-alive\r\n' +
        '\r\n',
      _keepAliveTimeout: 0,
      _onPendingData: [Function: nop],
      agent: [Agent],
      socketPath: undefined,
      method: 'POST',
      maxHeaderSize: undefined,
      insecureHTTPParser: undefined,
      joinDuplicateHeaders: undefined,
      path: '/api/healthians/getslotsbylocation',
      _ended: true,
      res: [IncomingMessage],
      aborted: false,
      timeoutCb: null,
      upgradeOrConnect: false,
      parser: null,
      maxHeadersCount: null,
      reusedSocket: true,
      host: 't25crm.healthians.co.in',
      protocol: 'https:',
      _redirectable: [Writable],
      Symbol(shapeMode): false,
      Symbol(kCapture): false,
      Symbol(kBytesWritten): 0,
      Symbol(kNeedDrain): false,
      Symbol(corked): 0,
      Symbol(kChunkedBuffer): [],
      Symbol(kChunkedLength): 0,
      Symbol(kSocket): [TLSSocket],
      Symbol(kOutHeaders): [Object: null prototype],
      Symbol(errored): null,
      Symbol(kHighWaterMark): 65536,
      Symbol(kRejectNonStandardBodyWrites): false,
      Symbol(kUniqueHeaders): null
    },
    data: { error: 'Invalid Request Method :: POST', code: 405 }
  },
  status: 405
}
Error fetching slots: AxiosError: Request failed with status code 405
    at settle (/home/rajanni/Desktop/DOCNOW/server/node_modules/axios/lib/core/settle.js:19:12)
    at IncomingMessage.handleStreamEnd (/home/rajanni/Desktop/DOCNOW/server/node_modules/axios/lib/adapters/http.js:798:11)
    at IncomingMessage.emit (node:events:520:35)
    at IncomingMessage.emit (node:domain:489:12)
    at endReadableNT (node:internal/streams/readable:1701:12)
    at processTicksAndRejections (node:internal/process/task_queues:89:21)
    at Axios.request (/home/rajanni/Desktop/DOCNOW/server/node_modules/axios/lib/core/Axios.js:45:41)
    at processTicksAndRejections (node:internal/process/task_queues:103:5)
    at async HealthiansAdapter.getSlotsByLocation (/home/rajanni/Desktop/DOCNOW/server/src/adapters/healthians.ts:155:30)
    at async /home/rajanni/Desktop/DOCNOW/server/src/routes/slots.ts:88:27 {
  isAxiosError: true,
  code: 'ERR_BAD_REQUEST',
  config: {
    transitional: {
      silentJSONParsing: true,
      forcedJSONParsing: true,
      clarifyTimeoutError: false
    },
    adapter: [ 'xhr', 'http', 'fetch' ],
    transformRequest: [ [Function: transformRequest] ],
    transformResponse: [ [Function: transformResponse] ],
    timeout: 0,
    xsrfCookieName: 'XSRF-TOKEN',
    xsrfHeaderName: 'X-XSRF-TOKEN',
    maxContentLength: -1,
    maxBodyLength: -1,
    env: { FormData: [Function], Blob: [class Blob] },
    validateStatus: [Function: validateStatus],
    headers: Object [AxiosHeaders] {
      Accept: 'application/json, text/plain, */*',
      'Content-Type': 'application/json',
      Authorization: 'Bearer eyJ0eXAiOiJKV1QiLCJhbGciOiJIUzI1NiJ9.eyJhcGlfc291cmNlX2lkIjoiMTEyMSIsImFwaV9zb3VyY2VfbmFtZSI6ImRvY25vdyIsImNoYW5uZWxfdHlwZSI6IjMiLCJjaGFubmVsX3VzZXIiOiI5Nzg3IiwibGVhZF9zb3VyY2UiOiIwIiwicmVmcmVzaF90b2tlbiI6Ikl0WnBPVXVHWktRc01YYmdEdFZtIiwidGltZXN0YW1wIjoxNzcwMjEzMzMxfQ.L3d7XAVkq4H9nM6tu4yYdU-O184DufDZ6JBZvcqGmXI',
      'User-Agent': 'axios/1.13.4',
      'Content-Length': '207',
      'Accept-Encoding': 'gzip, compress, deflate, br'
    },
    baseURL: 'https://t25crm.healthians.co.in/api/healthians',
    method: 'post',
    url: '/getslotsbylocation',
    data: '{"lat":"28.5079338","long":"77.0751538","zipcode":"122016","zone_id":"53","slot_date":"2026-02-04","amount":650,"package":[{"deal_id":["profile_1","parameter_18"]}],"get_ppmc_slots":0,"has_female_patient":0}',
    allowAbsoluteUrls: true
  },
  request: <ref *1> ClientRequest {
    _events: [Object: null prototype] {
      abort: [Function (anonymous)],
      aborted: [Function (anonymous)],
      connect: [Function (anonymous)],
      error: [Function (anonymous)],
      socket: [Function (anonymous)],
      timeout: [Function (anonymous)],
      finish: [Function: requestOnFinish]
    },
    _eventsCount: 7,
    _maxListeners: undefined,
    outputData: [],
    outputSize: 0,
    writable: true,
    destroyed: true,
    _last: false,
    chunkedEncoding: false,
    shouldKeepAlive: true,
    maxRequestsOnConnectionReached: false,
    _defaultKeepAlive: true,
    useChunkedEncodingByDefault: true,
    sendDate: false,
    _removedConnection: false,
    _removedContLen: false,
    _removedTE: false,
    strictContentLength: false,
    _contentLength: 207,
    _hasBody: true,
    _trailer: '',
    finished: true,
    _headerSent: true,
    _closed: true,
    _header: 'POST /api/healthians/getslotsbylocation HTTP/1.1\r\n' +
      'Accept: application/json, text/plain, */*\r\n' +
      'Content-Type: application/json\r\n' +
      'Authorization: Bearer eyJ0eXAiOiJKV1QiLCJhbGciOiJIUzI1NiJ9.eyJhcGlfc291cmNlX2lkIjoiMTEyMSIsImFwaV9zb3VyY2VfbmFtZSI6ImRvY25vdyIsImNoYW5uZWxfdHlwZSI6IjMiLCJjaGFubmVsX3VzZXIiOiI5Nzg3IiwibGVhZF9zb3VyY2UiOiIwIiwicmVmcmVzaF90b2tlbiI6Ikl0WnBPVXVHWktRc01YYmdEdFZtIiwidGltZXN0YW1wIjoxNzcwMjEzMzMxfQ.L3d7XAVkq4H9nM6tu4yYdU-O184DufDZ6JBZvcqGmXI\r\n' +
      'User-Agent: axios/1.13.4\r\n' +
      'Content-Length: 207\r\n' +
      'Accept-Encoding: gzip, compress, deflate, br\r\n' +
      'Host: t25crm.healthians.co.in\r\n' +
      'Connection: keep-alive\r\n' +
      '\r\n',
    _keepAliveTimeout: 0,
    _onPendingData: [Function: nop],
    agent: Agent {
      _events: [Object: null prototype],
      _eventsCount: 2,
      _maxListeners: undefined,
      options: [Object: null prototype],
      defaultPort: 443,
      protocol: 'https:',
      requests: [Object: null prototype] {},
      sockets: [Object: null prototype] {},
      freeSockets: [Object: null prototype],
      keepAliveMsecs: 1000,
      keepAlive: true,
      maxSockets: Infinity,
      maxFreeSockets: 256,
      scheduling: 'lifo',
      maxTotalSockets: Infinity,
      totalSocketCount: 2,
      agentKeepAliveTimeoutBuffer: 1000,
      maxCachedSessions: 100,
      _sessionCache: [Object],
      Symbol(shapeMode): false,
      Symbol(kCapture): false
    },
    socketPath: undefined,
    method: 'POST',
    maxHeaderSize: undefined,
    insecureHTTPParser: undefined,
    joinDuplicateHeaders: undefined,
    path: '/api/healthians/getslotsbylocation',
    _ended: true,
    res: IncomingMessage {
      _events: [Object],
      _readableState: [ReadableState],
      _maxListeners: undefined,
      socket: null,
      httpVersionMajor: 1,
      httpVersionMinor: 1,
      httpVersion: '1.1',
      complete: true,
      rawHeaders: [Array],
      rawTrailers: [],
      joinDuplicateHeaders: undefined,
      aborted: false,
      upgrade: false,
      url: '',
      method: null,
      statusCode: 405,
      statusMessage: 'Method Not Allowed',
      client: [TLSSocket],
      _consuming: true,
      _dumped: false,
      req: [Circular *1],
      _eventsCount: 4,
      responseUrl: 'https://t25crm.healthians.co.in/api/healthians/getslotsbylocation',
      redirects: [],
      Symbol(shapeMode): true,
      Symbol(kCapture): false,
      Symbol(kHeaders): [Object],
      Symbol(kHeadersCount): 30,
      Symbol(kTrailers): null,
      Symbol(kTrailersCount): 0
    },
    aborted: false,
    timeoutCb: null,
    upgradeOrConnect: false,
    parser: null,
    maxHeadersCount: null,
    reusedSocket: true,
    host: 't25crm.healthians.co.in',
    protocol: 'https:',
    _redirectable: Writable {
      _events: [Object],
      _writableState: [WritableState],
      _maxListeners: undefined,
      _options: [Object],
      _ended: true,
      _ending: true,
      _redirectCount: 0,
      _redirects: [],
      _requestBodyLength: 207,
      _requestBodyBuffers: [],
      _eventsCount: 3,
      _onNativeResponse: [Function (anonymous)],
      _currentRequest: [Circular *1],
      _currentUrl: 'https://t25crm.healthians.co.in/api/healthians/getslotsbylocation',
      _timeout: null,
      Symbol(shapeMode): true,
      Symbol(kCapture): false
    },
    Symbol(shapeMode): false,
    Symbol(kCapture): false,
    Symbol(kBytesWritten): 0,
    Symbol(kNeedDrain): false,
    Symbol(corked): 0,
    Symbol(kChunkedBuffer): [],
    Symbol(kChunkedLength): 0,
    Symbol(kSocket): TLSSocket {
      _tlsOptions: [Object],
      _secureEstablished: true,
      _securePending: false,
      _newSessionPending: false,
      _controlReleased: true,
      secureConnecting: false,
      _SNICallback: null,
      servername: 't25crm.healthians.co.in',
      alpnProtocol: false,
      authorized: true,
      authorizationError: null,
      encrypted: true,
      _events: [Object: null prototype],
      _eventsCount: 9,
      connecting: false,
      _hadError: false,
      _parent: null,
      _host: 't25crm.healthians.co.in',
      _closeAfterHandlingError: false,
      _readableState: [ReadableState],
      _writableState: [WritableState],
      allowHalfOpen: false,
      _maxListeners: undefined,
      _sockname: null,
      _pendingData: null,
      _pendingEncoding: '',
      server: undefined,
      _server: null,
      ssl: [TLSWrap],
      _requestCert: true,
      _rejectUnauthorized: true,
      timeout: 5000,
      parser: null,
      _httpMessage: null,
      autoSelectFamilyAttemptedAddresses: [Array],
      Symbol(alpncallback): null,
      Symbol(res): [TLSWrap],
      Symbol(verified): true,
      Symbol(pendingSession): null,
      Symbol(async_id_symbol): -1,
      Symbol(kHandle): [TLSWrap],
      Symbol(lastWriteQueueSize): 0,
      Symbol(timeout): Timeout {
        _idleTimeout: 5000,
        _idlePrev: [TimersList],
        _idleNext: [Timeout],
        _idleStart: 403227,
        _onTimeout: [Function: bound ],
        _timerArgs: undefined,
        _repeat: null,
        _destroyed: false,
        Symbol(refed): false,
        Symbol(kHasPrimitive): false,
        Symbol(asyncId): 729,
        Symbol(triggerId): 727,
        Symbol(kAsyncContextFrame): undefined
      },
      Symbol(kBuffer): null,
      Symbol(kBufferCb): null,
      Symbol(kBufferGen): null,
      Symbol(shapeMode): true,
      Symbol(kCapture): false,
      Symbol(kSetNoDelay): false,
      Symbol(kSetKeepAlive): true,
      Symbol(kSetKeepAliveInitialDelay): 1,
      Symbol(kBytesRead): 0,
      Symbol(kBytesWritten): 0,
      Symbol(connect-options): [Object]
    },
    Symbol(kOutHeaders): [Object: null prototype] {
      accept: [Array],
      'content-type': [Array],
      authorization: [Array],
      'user-agent': [Array],
      'content-length': [Array],
      'accept-encoding': [Array],
      host: [Array]
    },
    Symbol(errored): null,
    Symbol(kHighWaterMark): 65536,
    Symbol(kRejectNonStandardBodyWrites): false,
    Symbol(kUniqueHeaders): null
  },
  response: {
    status: 405,
    statusText: 'Method Not Allowed',
    headers: Object [AxiosHeaders] {
      'content-type': 'application/json; charset=utf-8',
      'transfer-encoding': 'chunked',
      connection: 'keep-alive',
      date: 'Wed, 04 Feb 2026 13:55:31 GMT',
      'access-control-allow-headers': 'Origin, Accept, Content-Length, Content-Type, Date, X-Response-Time, X-CSRF-Token, X-Requested-With, X-Api-Token',
      'access-control-allow-methods': 'GET,POST,PUT,OPTIONS',
      'x-powered-by': 'Team Healthians',
      server: 'Operation Theatre v1.0',
      'x-factor': 'hr@healthians.com',
      'set-cookie': [Array],
      'x-php-response-code': '405',
      'x-cache': 'Error from cloudfront',
      via: '1.1 37f13557e2060b90acb54b0e24c660a4.cloudfront.net (CloudFront)',
      'x-amz-cf-pop': 'DEL51-P1',
      'x-amz-cf-id': 'DUBlYqmwu0fzhPvZra8jHhVRv9fp3wGsjm925Yd31A4G5NN7ZgpOqA=='
    },
    config: {
      transitional: [Object],
      adapter: [Array],
      transformRequest: [Array],
      transformResponse: [Array],
      timeout: 0,
      xsrfCookieName: 'XSRF-TOKEN',
      xsrfHeaderName: 'X-XSRF-TOKEN',
      maxContentLength: -1,
      maxBodyLength: -1,
      env: [Object],
      validateStatus: [Function: validateStatus],
      headers: [Object [AxiosHeaders]],
      baseURL: 'https://t25crm.healthians.co.in/api/healthians',
      method: 'post',
      url: '/getslotsbylocation',
      data: '{"lat":"28.5079338","long":"77.0751538","zipcode":"122016","zone_id":"53","slot_date":"2026-02-04","amount":650,"package":[{"deal_id":["profile_1","parameter_18"]}],"get_ppmc_slots":0,"has_female_patient":0}',
      allowAbsoluteUrls: true
    },
    request: <ref *1> ClientRequest {
      _events: [Object: null prototype],
      _eventsCount: 7,
      _maxListeners: undefined,
      outputData: [],
      outputSize: 0,
      writable: true,
      destroyed: true,
      _last: false,
      chunkedEncoding: false,
      shouldKeepAlive: true,
      maxRequestsOnConnectionReached: false,
      _defaultKeepAlive: true,
      useChunkedEncodingByDefault: true,
      sendDate: false,
      _removedConnection: false,
      _removedContLen: false,
      _removedTE: false,
      strictContentLength: false,
      _contentLength: 207,
      _hasBody: true,
      _trailer: '',
      finished: true,
      _headerSent: true,
      _closed: true,
      _header: 'POST /api/healthians/getslotsbylocation HTTP/1.1\r\n' +
        'Accept: application/json, text/plain, */*\r\n' +
        'Content-Type: application/json\r\n' +
        'Authorization: Bearer eyJ0eXAiOiJKV1QiLCJhbGciOiJIUzI1NiJ9.eyJhcGlfc291cmNlX2lkIjoiMTEyMSIsImFwaV9zb3VyY2VfbmFtZSI6ImRvY25vdyIsImNoYW5uZWxfdHlwZSI6IjMiLCJjaGFubmVsX3VzZXIiOiI5Nzg3IiwibGVhZF9zb3VyY2UiOiIwIiwicmVmcmVzaF90b2tlbiI6Ikl0WnBPVXVHWktRc01YYmdEdFZtIiwidGltZXN0YW1wIjoxNzcwMjEzMzMxfQ.L3d7XAVkq4H9nM6tu4yYdU-O184DufDZ6JBZvcqGmXI\r\n' +
        'User-Agent: axios/1.13.4\r\n' +
        'Content-Length: 207\r\n' +
        'Accept-Encoding: gzip, compress, deflate, br\r\n' +
        'Host: t25crm.healthians.co.in\r\n' +
        'Connection: keep-alive\r\n' +
        '\r\n',
      _keepAliveTimeout: 0,
      _onPendingData: [Function: nop],
      agent: [Agent],
      socketPath: undefined,
      method: 'POST',
      maxHeaderSize: undefined,
      insecureHTTPParser: undefined,
      joinDuplicateHeaders: undefined,
      path: '/api/healthians/getslotsbylocation',
      _ended: true,
      res: [IncomingMessage],
      aborted: false,
      timeoutCb: null,
      upgradeOrConnect: false,
      parser: null,
      maxHeadersCount: null,
      reusedSocket: true,
      host: 't25crm.healthians.co.in',
      protocol: 'https:',
      _redirectable: [Writable],
      Symbol(shapeMode): false,
      Symbol(kCapture): false,
      Symbol(kBytesWritten): 0,
      Symbol(kNeedDrain): false,
      Symbol(corked): 0,
      Symbol(kChunkedBuffer): [],
      Symbol(kChunkedLength): 0,
      Symbol(kSocket): [TLSSocket],
      Symbol(kOutHeaders): [Object: null prototype],
      Symbol(errored): null,
      Symbol(kHighWaterMark): 65536,
      Symbol(kRejectNonStandardBodyWrites): false,
      Symbol(kUniqueHeaders): null
    },
    data: { error: 'Invalid Request Method :: POST', code: 405 }
  },
  status: 405
}
[0mGET /api/slots?lat=28.5079338&long=77.0751538&zipcode=122016 [31m500[0m 4221.155 ms - 33[0m
[32m[nodemon] restarting due to changes...[39m
[32m[nodemon] starting `ts-node src/index.ts`[39m
[dotenv@17.2.3] injecting env (0) from .env -- tip: 👥 sync secrets across teammates & machines: https://dotenvx.com/ops
[dotenv@17.2.3] injecting env (0) from .env -- tip: 🗂️ backup and recover secrets: https://dotenvx.com/ops
Server running on http://localhost:5000
[0mGET /api/profile/addresses [36m304[0m 1378.934 ms - -[0m
[0mGET /api/profile/patients [36m304[0m 1397.868 ms - -[0m
[0mGET /api/location/geocode?pincode=122016 [36m304[0m 352.206 ms - -[0m
[0mGET /api/cart [36m304[0m 1847.395 ms - -[0m
Healthians Auth Response Status: 200
Healthians Auth Response Data: {
  success: true,
  refresh_token: 'FQIyOEdnmTDbaFRHCECB',
  access_token: 'eyJ0eXAiOiJKV1QiLCJhbGciOiJIUzI1NiJ9.eyJhcGlfc291cmNlX2lkIjoiMTEyMSIsImFwaV9zb3VyY2VfbmFtZSI6ImRvY25vdyIsImNoYW5uZWxfdHlwZSI6IjMiLCJjaGFubmVsX3VzZXIiOiI5Nzg3IiwibGVhZF9zb3VyY2UiOiIwIiwicmVmcmVzaF90b2tlbiI6IkZRSXlPRWRubVREYmFGUkhDRUNCIiwidGltZXN0YW1wIjoxNzcwMjEzNTk2fQ.f3osZ_RVP7K2hOawV4s-MHQWTj4Lj6kvqnXOgOpNWgE',
  code: 200
}
Healthians Access Token Refreshed
Serviceability Data: {
  "status": true,
  "message": "This Lat Long is serviceable.",
  "data": {
    "zone_id": "53"
  },
  "resCode": "RES0001",
  "code": 200
}
Zone ID: 53
Slot Request Params: {
  lat: '28.5079338',
  long: '77.0751538',
  zipcode: '122016',
  zone_id: '53',
  slot_date: '2026-02-04',
  amount: 650,
  package: [ { deal_id: [Array] } ]
}
Healthians Auth Response Status: 200
Healthians Auth Response Data: {
  success: true,
  refresh_token: 'jxjvcPZwJBdSSrWcDhZc',
  access_token: 'eyJ0eXAiOiJKV1QiLCJhbGciOiJIUzI1NiJ9.eyJhcGlfc291cmNlX2lkIjoiMTEyMSIsImFwaV9zb3VyY2VfbmFtZSI6ImRvY25vdyIsImNoYW5uZWxfdHlwZSI6IjMiLCJjaGFubmVsX3VzZXIiOiI5Nzg3IiwibGVhZF9zb3VyY2UiOiIwIiwicmVmcmVzaF90b2tlbiI6Imp4anZjUFp3SkJkU1NyV2NEaFpjIiwidGltZXN0YW1wIjoxNzcwMjEzNTk4fQ.uCCOzPqKQm_KCHOu2RT2pTM3qJ_rrFalvhT5A6db1c8',
  code: 200
}
Healthians Access Token Refreshed
getSlotsByLocation Error: AxiosError: Request failed with status code 405
    at settle (/home/rajanni/Desktop/DOCNOW/server/node_modules/axios/lib/core/settle.js:19:12)
    at IncomingMessage.handleStreamEnd (/home/rajanni/Desktop/DOCNOW/server/node_modules/axios/lib/adapters/http.js:798:11)
    at IncomingMessage.emit (node:events:520:35)
    at IncomingMessage.emit (node:domain:489:12)
    at endReadableNT (node:internal/streams/readable:1701:12)
    at processTicksAndRejections (node:internal/process/task_queues:89:21)
    at Axios.request (/home/rajanni/Desktop/DOCNOW/server/node_modules/axios/lib/core/Axios.js:45:41)
    at processTicksAndRejections (node:internal/process/task_queues:103:5)
    at async HealthiansAdapter.getSlotsByLocation (/home/rajanni/Desktop/DOCNOW/server/src/adapters/healthians.ts:155:30)
    at async /home/rajanni/Desktop/DOCNOW/server/src/routes/slots.ts:88:27 {
  isAxiosError: true,
  code: 'ERR_BAD_REQUEST',
  config: {
    transitional: {
      silentJSONParsing: true,
      forcedJSONParsing: true,
      clarifyTimeoutError: false
    },
    adapter: [ 'xhr', 'http', 'fetch' ],
    transformRequest: [ [Function: transformRequest] ],
    transformResponse: [ [Function: transformResponse] ],
    timeout: 0,
    xsrfCookieName: 'XSRF-TOKEN',
    xsrfHeaderName: 'X-XSRF-TOKEN',
    maxContentLength: -1,
    maxBodyLength: -1,
    env: { FormData: [Function], Blob: [class Blob] },
    validateStatus: [Function: validateStatus],
    headers: Object [AxiosHeaders] {
      Accept: 'application/json, text/plain, */*',
      'Content-Type': 'application/json',
      Authorization: 'Bearer eyJ0eXAiOiJKV1QiLCJhbGciOiJIUzI1NiJ9.eyJhcGlfc291cmNlX2lkIjoiMTEyMSIsImFwaV9zb3VyY2VfbmFtZSI6ImRvY25vdyIsImNoYW5uZWxfdHlwZSI6IjMiLCJjaGFubmVsX3VzZXIiOiI5Nzg3IiwibGVhZF9zb3VyY2UiOiIwIiwicmVmcmVzaF90b2tlbiI6Imp4anZjUFp3SkJkU1NyV2NEaFpjIiwidGltZXN0YW1wIjoxNzcwMjEzNTk4fQ.uCCOzPqKQm_KCHOu2RT2pTM3qJ_rrFalvhT5A6db1c8',
      'User-Agent': 'axios/1.13.4',
      'Content-Length': '207',
      'Accept-Encoding': 'gzip, compress, deflate, br'
    },
    baseURL: 'https://t25crm.healthians.co.in/api/docnow',
    method: 'post',
    url: '/getslotsbylocation',
    data: '{"lat":"28.5079338","long":"77.0751538","zipcode":"122016","zone_id":"53","slot_date":"2026-02-04","amount":650,"package":[{"deal_id":["profile_1","parameter_18"]}],"get_ppmc_slots":0,"has_female_patient":0}',
    allowAbsoluteUrls: true
  },
  request: <ref *1> ClientRequest {
    _events: [Object: null prototype] {
      abort: [Function (anonymous)],
      aborted: [Function (anonymous)],
      connect: [Function (anonymous)],
      error: [Function (anonymous)],
      socket: [Function (anonymous)],
      timeout: [Function (anonymous)],
      finish: [Function: requestOnFinish]
    },
    _eventsCount: 7,
    _maxListeners: undefined,
    outputData: [],
    outputSize: 0,
    writable: true,
    destroyed: true,
    _last: false,
    chunkedEncoding: false,
    shouldKeepAlive: true,
    maxRequestsOnConnectionReached: false,
    _defaultKeepAlive: true,
    useChunkedEncodingByDefault: true,
    sendDate: false,
    _removedConnection: false,
    _removedContLen: false,
    _removedTE: false,
    strictContentLength: false,
    _contentLength: 207,
    _hasBody: true,
    _trailer: '',
    finished: true,
    _headerSent: true,
    _closed: true,
    _header: 'POST /api/docnow/getslotsbylocation HTTP/1.1\r\n' +
      'Accept: application/json, text/plain, */*\r\n' +
      'Content-Type: application/json\r\n' +
      'Authorization: Bearer eyJ0eXAiOiJKV1QiLCJhbGciOiJIUzI1NiJ9.eyJhcGlfc291cmNlX2lkIjoiMTEyMSIsImFwaV9zb3VyY2VfbmFtZSI6ImRvY25vdyIsImNoYW5uZWxfdHlwZSI6IjMiLCJjaGFubmVsX3VzZXIiOiI5Nzg3IiwibGVhZF9zb3VyY2UiOiIwIiwicmVmcmVzaF90b2tlbiI6Imp4anZjUFp3SkJkU1NyV2NEaFpjIiwidGltZXN0YW1wIjoxNzcwMjEzNTk4fQ.uCCOzPqKQm_KCHOu2RT2pTM3qJ_rrFalvhT5A6db1c8\r\n' +
      'User-Agent: axios/1.13.4\r\n' +
      'Content-Length: 207\r\n' +
      'Accept-Encoding: gzip, compress, deflate, br\r\n' +
      'Host: t25crm.healthians.co.in\r\n' +
      'Connection: keep-alive\r\n' +
      '\r\n',
    _keepAliveTimeout: 0,
    _onPendingData: [Function: nop],
    agent: Agent {
      _events: [Object: null prototype],
      _eventsCount: 2,
      _maxListeners: undefined,
      options: [Object: null prototype],
      defaultPort: 443,
      protocol: 'https:',
      requests: [Object: null prototype] {},
      sockets: [Object: null prototype] {},
      freeSockets: [Object: null prototype],
      keepAliveMsecs: 1000,
      keepAlive: true,
      maxSockets: Infinity,
      maxFreeSockets: 256,
      scheduling: 'lifo',
      maxTotalSockets: Infinity,
      totalSocketCount: 2,
      agentKeepAliveTimeoutBuffer: 1000,
      maxCachedSessions: 100,
      _sessionCache: [Object],
      Symbol(shapeMode): false,
      Symbol(kCapture): false
    },
    socketPath: undefined,
    method: 'POST',
    maxHeaderSize: undefined,
    insecureHTTPParser: undefined,
    joinDuplicateHeaders: undefined,
    path: '/api/docnow/getslotsbylocation',
    _ended: true,
    res: IncomingMessage {
      _events: [Object],
      _readableState: [ReadableState],
      _maxListeners: undefined,
      socket: null,
      httpVersionMajor: 1,
      httpVersionMinor: 1,
      httpVersion: '1.1',
      complete: true,
      rawHeaders: [Array],
      rawTrailers: [],
      joinDuplicateHeaders: undefined,
      aborted: false,
      upgrade: false,
      url: '',
      method: null,
      statusCode: 405,
      statusMessage: 'Method Not Allowed',
      client: [TLSSocket],
      _consuming: true,
      _dumped: false,
      req: [Circular *1],
      _eventsCount: 4,
      responseUrl: 'https://t25crm.healthians.co.in/api/docnow/getslotsbylocation',
      redirects: [],
      Symbol(shapeMode): true,
      Symbol(kCapture): false,
      Symbol(kHeaders): [Object],
      Symbol(kHeadersCount): 30,
      Symbol(kTrailers): null,
      Symbol(kTrailersCount): 0
    },
    aborted: false,
    timeoutCb: null,
    upgradeOrConnect: false,
    parser: null,
    maxHeadersCount: null,
    reusedSocket: true,
    host: 't25crm.healthians.co.in',
    protocol: 'https:',
    _redirectable: Writable {
      _events: [Object],
      _writableState: [WritableState],
      _maxListeners: undefined,
      _options: [Object],
      _ended: true,
      _ending: true,
      _redirectCount: 0,
      _redirects: [],
      _requestBodyLength: 207,
      _requestBodyBuffers: [],
      _eventsCount: 3,
      _onNativeResponse: [Function (anonymous)],
      _currentRequest: [Circular *1],
      _currentUrl: 'https://t25crm.healthians.co.in/api/docnow/getslotsbylocation',
      _timeout: null,
      Symbol(shapeMode): true,
      Symbol(kCapture): false
    },
    Symbol(shapeMode): false,
    Symbol(kCapture): false,
    Symbol(kBytesWritten): 0,
    Symbol(kNeedDrain): false,
    Symbol(corked): 0,
    Symbol(kChunkedBuffer): [],
    Symbol(kChunkedLength): 0,
    Symbol(kSocket): TLSSocket {
      _tlsOptions: [Object],
      _secureEstablished: true,
      _securePending: false,
      _newSessionPending: false,
      _controlReleased: true,
      secureConnecting: false,
      _SNICallback: null,
      servername: 't25crm.healthians.co.in',
      alpnProtocol: false,
      authorized: true,
      authorizationError: null,
      encrypted: true,
      _events: [Object: null prototype],
      _eventsCount: 9,
      connecting: false,
      _hadError: false,
      _parent: null,
      _host: 't25crm.healthians.co.in',
      _closeAfterHandlingError: false,
      _readableState: [ReadableState],
      _writableState: [WritableState],
      allowHalfOpen: false,
      _maxListeners: undefined,
      _sockname: null,
      _pendingData: null,
      _pendingEncoding: '',
      server: undefined,
      _server: null,
      ssl: [TLSWrap],
      _requestCert: true,
      _rejectUnauthorized: true,
      timeout: 5000,
      parser: null,
      _httpMessage: null,
      autoSelectFamilyAttemptedAddresses: [Array],
      Symbol(alpncallback): null,
      Symbol(res): [TLSWrap],
      Symbol(verified): true,
      Symbol(pendingSession): null,
      Symbol(async_id_symbol): -1,
      Symbol(kHandle): [TLSWrap],
      Symbol(lastWriteQueueSize): 0,
      Symbol(timeout): Timeout {
        _idleTimeout: 5000,
        _idlePrev: [TimersList],
        _idleNext: [Timeout],
        _idleStart: 178746,
        _onTimeout: [Function: bound ],
        _timerArgs: undefined,
        _repeat: null,
        _destroyed: false,
        Symbol(refed): false,
        Symbol(kHasPrimitive): false,
        Symbol(asyncId): 265,
        Symbol(triggerId): 263,
        Symbol(kAsyncContextFrame): undefined
      },
      Symbol(kBuffer): null,
      Symbol(kBufferCb): null,
      Symbol(kBufferGen): null,
      Symbol(shapeMode): true,
      Symbol(kCapture): false,
      Symbol(kSetNoDelay): false,
      Symbol(kSetKeepAlive): true,
      Symbol(kSetKeepAliveInitialDelay): 1,
      Symbol(kBytesRead): 0,
      Symbol(kBytesWritten): 0,
      Symbol(connect-options): [Object]
    },
    Symbol(kOutHeaders): [Object: null prototype] {
      accept: [Array],
      'content-type': [Array],
      authorization: [Array],
      'user-agent': [Array],
      'content-length': [Array],
      'accept-encoding': [Array],
      host: [Array]
    },
    Symbol(errored): null,
    Symbol(kHighWaterMark): 65536,
    Symbol(kRejectNonStandardBodyWrites): false,
    Symbol(kUniqueHeaders): null
  },
  response: {
    status: 405,
    statusText: 'Method Not Allowed',
    headers: Object [AxiosHeaders] {
      'content-type': 'application/json; charset=utf-8',
      'transfer-encoding': 'chunked',
      connection: 'keep-alive',
      date: 'Wed, 04 Feb 2026 13:59:58 GMT',
      'access-control-allow-headers': 'Origin, Accept, Content-Length, Content-Type, Date, X-Response-Time, X-CSRF-Token, X-Requested-With, X-Api-Token',
      'access-control-allow-methods': 'GET,POST,PUT,OPTIONS',
      'x-powered-by': 'Team Healthians',
      server: 'Operation Theatre v1.0',
      'x-factor': 'hr@healthians.com',
      'set-cookie': [Array],
      'x-php-response-code': '405',
      'x-cache': 'Error from cloudfront',
      via: '1.1 31f935d89d465af2fa9a12b8efe8f8fc.cloudfront.net (CloudFront)',
      'x-amz-cf-pop': 'DEL51-P1',
      'x-amz-cf-id': 'DIFw9ims68oisrKhMfHC6tKTqGgoHJba6E7VoFC56CYeJuATOAnWrw=='
    },
    config: {
      transitional: [Object],
      adapter: [Array],
      transformRequest: [Array],
      transformResponse: [Array],
      timeout: 0,
      xsrfCookieName: 'XSRF-TOKEN',
      xsrfHeaderName: 'X-XSRF-TOKEN',
      maxContentLength: -1,
      maxBodyLength: -1,
      env: [Object],
      validateStatus: [Function: validateStatus],
      headers: [Object [AxiosHeaders]],
      baseURL: 'https://t25crm.healthians.co.in/api/docnow',
      method: 'post',
      url: '/getslotsbylocation',
      data: '{"lat":"28.5079338","long":"77.0751538","zipcode":"122016","zone_id":"53","slot_date":"2026-02-04","amount":650,"package":[{"deal_id":["profile_1","parameter_18"]}],"get_ppmc_slots":0,"has_female_patient":0}',
      allowAbsoluteUrls: true
    },
    request: <ref *1> ClientRequest {
      _events: [Object: null prototype],
      _eventsCount: 7,
      _maxListeners: undefined,
      outputData: [],
      outputSize: 0,
      writable: true,
      destroyed: true,
      _last: false,
      chunkedEncoding: false,
      shouldKeepAlive: true,
      maxRequestsOnConnectionReached: false,
      _defaultKeepAlive: true,
      useChunkedEncodingByDefault: true,
      sendDate: false,
      _removedConnection: false,
      _removedContLen: false,
      _removedTE: false,
      strictContentLength: false,
      _contentLength: 207,
      _hasBody: true,
      _trailer: '',
      finished: true,
      _headerSent: true,
      _closed: true,
      _header: 'POST /api/docnow/getslotsbylocation HTTP/1.1\r\n' +
        'Accept: application/json, text/plain, */*\r\n' +
        'Content-Type: application/json\r\n' +
        'Authorization: Bearer eyJ0eXAiOiJKV1QiLCJhbGciOiJIUzI1NiJ9.eyJhcGlfc291cmNlX2lkIjoiMTEyMSIsImFwaV9zb3VyY2VfbmFtZSI6ImRvY25vdyIsImNoYW5uZWxfdHlwZSI6IjMiLCJjaGFubmVsX3VzZXIiOiI5Nzg3IiwibGVhZF9zb3VyY2UiOiIwIiwicmVmcmVzaF90b2tlbiI6Imp4anZjUFp3SkJkU1NyV2NEaFpjIiwidGltZXN0YW1wIjoxNzcwMjEzNTk4fQ.uCCOzPqKQm_KCHOu2RT2pTM3qJ_rrFalvhT5A6db1c8\r\n' +
        'User-Agent: axios/1.13.4\r\n' +
        'Content-Length: 207\r\n' +
        'Accept-Encoding: gzip, compress, deflate, br\r\n' +
        'Host: t25crm.healthians.co.in\r\n' +
        'Connection: keep-alive\r\n' +
        '\r\n',
      _keepAliveTimeout: 0,
      _onPendingData: [Function: nop],
      agent: [Agent],
      socketPath: undefined,
      method: 'POST',
      maxHeaderSize: undefined,
      insecureHTTPParser: undefined,
      joinDuplicateHeaders: undefined,
      path: '/api/docnow/getslotsbylocation',
      _ended: true,
      res: [IncomingMessage],
      aborted: false,
      timeoutCb: null,
      upgradeOrConnect: false,
      parser: null,
      maxHeadersCount: null,
      reusedSocket: true,
      host: 't25crm.healthians.co.in',
      protocol: 'https:',
      _redirectable: [Writable],
      Symbol(shapeMode): false,
      Symbol(kCapture): false,
      Symbol(kBytesWritten): 0,
      Symbol(kNeedDrain): false,
      Symbol(corked): 0,
      Symbol(kChunkedBuffer): [],
      Symbol(kChunkedLength): 0,
      Symbol(kSocket): [TLSSocket],
      Symbol(kOutHeaders): [Object: null prototype],
      Symbol(errored): null,
      Symbol(kHighWaterMark): 65536,
      Symbol(kRejectNonStandardBodyWrites): false,
      Symbol(kUniqueHeaders): null
    },
    data: { error: 'Invalid Request Method :: POST', code: 405 }
  },
  status: 405
}
Error fetching slots: AxiosError: Request failed with status code 405
    at settle (/home/rajanni/Desktop/DOCNOW/server/node_modules/axios/lib/core/settle.js:19:12)
    at IncomingMessage.handleStreamEnd (/home/rajanni/Desktop/DOCNOW/server/node_modules/axios/lib/adapters/http.js:798:11)
    at IncomingMessage.emit (node:events:520:35)
    at IncomingMessage.emit (node:domain:489:12)
    at endReadableNT (node:internal/streams/readable:1701:12)
    at processTicksAndRejections (node:internal/process/task_queues:89:21)
    at Axios.request (/home/rajanni/Desktop/DOCNOW/server/node_modules/axios/lib/core/Axios.js:45:41)
    at processTicksAndRejections (node:internal/process/task_queues:103:5)
    at async HealthiansAdapter.getSlotsByLocation (/home/rajanni/Desktop/DOCNOW/server/src/adapters/healthians.ts:155:30)
    at async /home/rajanni/Desktop/DOCNOW/server/src/routes/slots.ts:88:27 {
  isAxiosError: true,
  code: 'ERR_BAD_REQUEST',
  config: {
    transitional: {
      silentJSONParsing: true,
      forcedJSONParsing: true,
      clarifyTimeoutError: false
    },
    adapter: [ 'xhr', 'http', 'fetch' ],
    transformRequest: [ [Function: transformRequest] ],
    transformResponse: [ [Function: transformResponse] ],
    timeout: 0,
    xsrfCookieName: 'XSRF-TOKEN',
    xsrfHeaderName: 'X-XSRF-TOKEN',
    maxContentLength: -1,
    maxBodyLength: -1,
    env: { FormData: [Function], Blob: [class Blob] },
    validateStatus: [Function: validateStatus],
    headers: Object [AxiosHeaders] {
      Accept: 'application/json, text/plain, */*',
      'Content-Type': 'application/json',
      Authorization: 'Bearer eyJ0eXAiOiJKV1QiLCJhbGciOiJIUzI1NiJ9.eyJhcGlfc291cmNlX2lkIjoiMTEyMSIsImFwaV9zb3VyY2VfbmFtZSI6ImRvY25vdyIsImNoYW5uZWxfdHlwZSI6IjMiLCJjaGFubmVsX3VzZXIiOiI5Nzg3IiwibGVhZF9zb3VyY2UiOiIwIiwicmVmcmVzaF90b2tlbiI6Imp4anZjUFp3SkJkU1NyV2NEaFpjIiwidGltZXN0YW1wIjoxNzcwMjEzNTk4fQ.uCCOzPqKQm_KCHOu2RT2pTM3qJ_rrFalvhT5A6db1c8',
      'User-Agent': 'axios/1.13.4',
      'Content-Length': '207',
      'Accept-Encoding': 'gzip, compress, deflate, br'
    },
    baseURL: 'https://t25crm.healthians.co.in/api/docnow',
    method: 'post',
    url: '/getslotsbylocation',
    data: '{"lat":"28.5079338","long":"77.0751538","zipcode":"122016","zone_id":"53","slot_date":"2026-02-04","amount":650,"package":[{"deal_id":["profile_1","parameter_18"]}],"get_ppmc_slots":0,"has_female_patient":0}',
    allowAbsoluteUrls: true
  },
  request: <ref *1> ClientRequest {
    _events: [Object: null prototype] {
      abort: [Function (anonymous)],
      aborted: [Function (anonymous)],
      connect: [Function (anonymous)],
      error: [Function (anonymous)],
      socket: [Function (anonymous)],
      timeout: [Function (anonymous)],
      finish: [Function: requestOnFinish]
    },
    _eventsCount: 7,
    _maxListeners: undefined,
    outputData: [],
    outputSize: 0,
    writable: true,
    destroyed: true,
    _last: false,
    chunkedEncoding: false,
    shouldKeepAlive: true,
    maxRequestsOnConnectionReached: false,
    _defaultKeepAlive: true,
    useChunkedEncodingByDefault: true,
    sendDate: false,
    _removedConnection: false,
    _removedContLen: false,
    _removedTE: false,
    strictContentLength: false,
    _contentLength: 207,
    _hasBody: true,
    _trailer: '',
    finished: true,
    _headerSent: true,
    _closed: true,
    _header: 'POST /api/docnow/getslotsbylocation HTTP/1.1\r\n' +
      'Accept: application/json, text/plain, */*\r\n' +
      'Content-Type: application/json\r\n' +
      'Authorization: Bearer eyJ0eXAiOiJKV1QiLCJhbGciOiJIUzI1NiJ9.eyJhcGlfc291cmNlX2lkIjoiMTEyMSIsImFwaV9zb3VyY2VfbmFtZSI6ImRvY25vdyIsImNoYW5uZWxfdHlwZSI6IjMiLCJjaGFubmVsX3VzZXIiOiI5Nzg3IiwibGVhZF9zb3VyY2UiOiIwIiwicmVmcmVzaF90b2tlbiI6Imp4anZjUFp3SkJkU1NyV2NEaFpjIiwidGltZXN0YW1wIjoxNzcwMjEzNTk4fQ.uCCOzPqKQm_KCHOu2RT2pTM3qJ_rrFalvhT5A6db1c8\r\n' +
      'User-Agent: axios/1.13.4\r\n' +
      'Content-Length: 207\r\n' +
      'Accept-Encoding: gzip, compress, deflate, br\r\n' +
      'Host: t25crm.healthians.co.in\r\n' +
      'Connection: keep-alive\r\n' +
      '\r\n',
    _keepAliveTimeout: 0,
    _onPendingData: [Function: nop],
    agent: Agent {
      _events: [Object: null prototype],
      _eventsCount: 2,
      _maxListeners: undefined,
      options: [Object: null prototype],
      defaultPort: 443,
      protocol: 'https:',
      requests: [Object: null prototype] {},
      sockets: [Object: null prototype] {},
      freeSockets: [Object: null prototype],
      keepAliveMsecs: 1000,
      keepAlive: true,
      maxSockets: Infinity,
      maxFreeSockets: 256,
      scheduling: 'lifo',
      maxTotalSockets: Infinity,
      totalSocketCount: 2,
      agentKeepAliveTimeoutBuffer: 1000,
      maxCachedSessions: 100,
      _sessionCache: [Object],
      Symbol(shapeMode): false,
      Symbol(kCapture): false
    },
    socketPath: undefined,
    method: 'POST',
    maxHeaderSize: undefined,
    insecureHTTPParser: undefined,
    joinDuplicateHeaders: undefined,
    path: '/api/docnow/getslotsbylocation',
    _ended: true,
    res: IncomingMessage {
      _events: [Object],
      _readableState: [ReadableState],
      _maxListeners: undefined,
      socket: null,
      httpVersionMajor: 1,
      httpVersionMinor: 1,
      httpVersion: '1.1',
      complete: true,
      rawHeaders: [Array],
      rawTrailers: [],
      joinDuplicateHeaders: undefined,
      aborted: false,
      upgrade: false,
      url: '',
      method: null,
      statusCode: 405,
      statusMessage: 'Method Not Allowed',
      client: [TLSSocket],
      _consuming: true,
      _dumped: false,
      req: [Circular *1],
      _eventsCount: 4,
      responseUrl: 'https://t25crm.healthians.co.in/api/docnow/getslotsbylocation',
      redirects: [],
      Symbol(shapeMode): true,
      Symbol(kCapture): false,
      Symbol(kHeaders): [Object],
      Symbol(kHeadersCount): 30,
      Symbol(kTrailers): null,
      Symbol(kTrailersCount): 0
    },
    aborted: false,
    timeoutCb: null,
    upgradeOrConnect: false,
    parser: null,
    maxHeadersCount: null,
    reusedSocket: true,
    host: 't25crm.healthians.co.in',
    protocol: 'https:',
    _redirectable: Writable {
      _events: [Object],
      _writableState: [WritableState],
      _maxListeners: undefined,
      _options: [Object],
      _ended: true,
      _ending: true,
      _redirectCount: 0,
      _redirects: [],
      _requestBodyLength: 207,
      _requestBodyBuffers: [],
      _eventsCount: 3,
      _onNativeResponse: [Function (anonymous)],
      _currentRequest: [Circular *1],
      _currentUrl: 'https://t25crm.healthians.co.in/api/docnow/getslotsbylocation',
      _timeout: null,
      Symbol(shapeMode): true,
      Symbol(kCapture): false
    },
    Symbol(shapeMode): false,
    Symbol(kCapture): false,
    Symbol(kBytesWritten): 0,
    Symbol(kNeedDrain): false,
    Symbol(corked): 0,
    Symbol(kChunkedBuffer): [],
    Symbol(kChunkedLength): 0,
    Symbol(kSocket): TLSSocket {
      _tlsOptions: [Object],
      _secureEstablished: true,
      _securePending: false,
      _newSessionPending: false,
      _controlReleased: true,
      secureConnecting: false,
      _SNICallback: null,
      servername: 't25crm.healthians.co.in',
      alpnProtocol: false,
      authorized: true,
      authorizationError: null,
      encrypted: true,
      _events: [Object: null prototype],
      _eventsCount: 9,
      connecting: false,
      _hadError: false,
      _parent: null,
      _host: 't25crm.healthians.co.in',
      _closeAfterHandlingError: false,
      _readableState: [ReadableState],
      _writableState: [WritableState],
      allowHalfOpen: false,
      _maxListeners: undefined,
      _sockname: null,
      _pendingData: null,
      _pendingEncoding: '',
      server: undefined,
      _server: null,
      ssl: [TLSWrap],
      _requestCert: true,
      _rejectUnauthorized: true,
      timeout: 5000,
      parser: null,
      _httpMessage: null,
      autoSelectFamilyAttemptedAddresses: [Array],
      Symbol(alpncallback): null,
      Symbol(res): [TLSWrap],
      Symbol(verified): true,
      Symbol(pendingSession): null,
      Symbol(async_id_symbol): -1,
      Symbol(kHandle): [TLSWrap],
      Symbol(lastWriteQueueSize): 0,
      Symbol(timeout): Timeout {
        _idleTimeout: 5000,
        _idlePrev: [TimersList],
        _idleNext: [Timeout],
        _idleStart: 178746,
        _onTimeout: [Function: bound ],
        _timerArgs: undefined,
        _repeat: null,
        _destroyed: false,
        Symbol(refed): false,
        Symbol(kHasPrimitive): false,
        Symbol(asyncId): 265,
        Symbol(triggerId): 263,
        Symbol(kAsyncContextFrame): undefined
      },
      Symbol(kBuffer): null,
      Symbol(kBufferCb): null,
      Symbol(kBufferGen): null,
      Symbol(shapeMode): true,
      Symbol(kCapture): false,
      Symbol(kSetNoDelay): false,
      Symbol(kSetKeepAlive): true,
      Symbol(kSetKeepAliveInitialDelay): 1,
      Symbol(kBytesRead): 0,
      Symbol(kBytesWritten): 0,
      Symbol(connect-options): [Object]
    },
    Symbol(kOutHeaders): [Object: null prototype] {
      accept: [Array],
      'content-type': [Array],
      authorization: [Array],
      'user-agent': [Array],
      'content-length': [Array],
      'accept-encoding': [Array],
      host: [Array]
    },
    Symbol(errored): null,
    Symbol(kHighWaterMark): 65536,
    Symbol(kRejectNonStandardBodyWrites): false,
    Symbol(kUniqueHeaders): null
  },
  response: {
    status: 405,
    statusText: 'Method Not Allowed',
    headers: Object [AxiosHeaders] {
      'content-type': 'application/json; charset=utf-8',
      'transfer-encoding': 'chunked',
      connection: 'keep-alive',
      date: 'Wed, 04 Feb 2026 13:59:58 GMT',
      'access-control-allow-headers': 'Origin, Accept, Content-Length, Content-Type, Date, X-Response-Time, X-CSRF-Token, X-Requested-With, X-Api-Token',
      'access-control-allow-methods': 'GET,POST,PUT,OPTIONS',
      'x-powered-by': 'Team Healthians',
      server: 'Operation Theatre v1.0',
      'x-factor': 'hr@healthians.com',
      'set-cookie': [Array],
      'x-php-response-code': '405',
      'x-cache': 'Error from cloudfront',
      via: '1.1 31f935d89d465af2fa9a12b8efe8f8fc.cloudfront.net (CloudFront)',
      'x-amz-cf-pop': 'DEL51-P1',
      'x-amz-cf-id': 'DIFw9ims68oisrKhMfHC6tKTqGgoHJba6E7VoFC56CYeJuATOAnWrw=='
    },
    config: {
      transitional: [Object],
      adapter: [Array],
      transformRequest: [Array],
      transformResponse: [Array],
      timeout: 0,
      xsrfCookieName: 'XSRF-TOKEN',
      xsrfHeaderName: 'X-XSRF-TOKEN',
      maxContentLength: -1,
      maxBodyLength: -1,
      env: [Object],
      validateStatus: [Function: validateStatus],
      headers: [Object [AxiosHeaders]],
      baseURL: 'https://t25crm.healthians.co.in/api/docnow',
      method: 'post',
      url: '/getslotsbylocation',
      data: '{"lat":"28.5079338","long":"77.0751538","zipcode":"122016","zone_id":"53","slot_date":"2026-02-04","amount":650,"package":[{"deal_id":["profile_1","parameter_18"]}],"get_ppmc_slots":0,"has_female_patient":0}',
      allowAbsoluteUrls: true
    },
    request: <ref *1> ClientRequest {
      _events: [Object: null prototype],
      _eventsCount: 7,
      _maxListeners: undefined,
      outputData: [],
      outputSize: 0,
      writable: true,
      destroyed: true,
      _last: false,
      chunkedEncoding: false,
      shouldKeepAlive: true,
      maxRequestsOnConnectionReached: false,
      _defaultKeepAlive: true,
      useChunkedEncodingByDefault: true,
      sendDate: false,
      _removedConnection: false,
      _removedContLen: false,
      _removedTE: false,
      strictContentLength: false,
      _contentLength: 207,
      _hasBody: true,
      _trailer: '',
      finished: true,
      _headerSent: true,
      _closed: true,
      _header: 'POST /api/docnow/getslotsbylocation HTTP/1.1\r\n' +
        'Accept: application/json, text/plain, */*\r\n' +
        'Content-Type: application/json\r\n' +
        'Authorization: Bearer eyJ0eXAiOiJKV1QiLCJhbGciOiJIUzI1NiJ9.eyJhcGlfc291cmNlX2lkIjoiMTEyMSIsImFwaV9zb3VyY2VfbmFtZSI6ImRvY25vdyIsImNoYW5uZWxfdHlwZSI6IjMiLCJjaGFubmVsX3VzZXIiOiI5Nzg3IiwibGVhZF9zb3VyY2UiOiIwIiwicmVmcmVzaF90b2tlbiI6Imp4anZjUFp3SkJkU1NyV2NEaFpjIiwidGltZXN0YW1wIjoxNzcwMjEzNTk4fQ.uCCOzPqKQm_KCHOu2RT2pTM3qJ_rrFalvhT5A6db1c8\r\n' +
        'User-Agent: axios/1.13.4\r\n' +
        'Content-Length: 207\r\n' +
        'Accept-Encoding: gzip, compress, deflate, br\r\n' +
        'Host: t25crm.healthians.co.in\r\n' +
        'Connection: keep-alive\r\n' +
        '\r\n',
      _keepAliveTimeout: 0,
      _onPendingData: [Function: nop],
      agent: [Agent],
      socketPath: undefined,
      method: 'POST',
      maxHeaderSize: undefined,
      insecureHTTPParser: undefined,
      joinDuplicateHeaders: undefined,
      path: '/api/docnow/getslotsbylocation',
      _ended: true,
      res: [IncomingMessage],
      aborted: false,
      timeoutCb: null,
      upgradeOrConnect: false,
      parser: null,
      maxHeadersCount: null,
      reusedSocket: true,
      host: 't25crm.healthians.co.in',
      protocol: 'https:',
      _redirectable: [Writable],
      Symbol(shapeMode): false,
      Symbol(kCapture): false,
      Symbol(kBytesWritten): 0,
      Symbol(kNeedDrain): false,
      Symbol(corked): 0,
      Symbol(kChunkedBuffer): [],
      Symbol(kChunkedLength): 0,
      Symbol(kSocket): [TLSSocket],
      Symbol(kOutHeaders): [Object: null prototype],
      Symbol(errored): null,
      Symbol(kHighWaterMark): 65536,
      Symbol(kRejectNonStandardBodyWrites): false,
      Symbol(kUniqueHeaders): null
    },
    data: { error: 'Invalid Request Method :: POST', code: 405 }
  },
  status: 405
}
[0mGET /api/slots?lat=28.5079338&long=77.0751538&zipcode=122016 [31m500[0m 2487.651 ms - 33[0m
[0mGET /api/location/geocode?pincode=208021 [36m304[0m 249.071 ms - -[0m
Healthians Auth Response Status: 200
Healthians Auth Response Data: {
  success: true,
  refresh_token: 'XUNuexdYwGqqyKkhxcQp',
  access_token: 'eyJ0eXAiOiJKV1QiLCJhbGciOiJIUzI1NiJ9.eyJhcGlfc291cmNlX2lkIjoiMTEyMSIsImFwaV9zb3VyY2VfbmFtZSI6ImRvY25vdyIsImNoYW5uZWxfdHlwZSI6IjMiLCJjaGFubmVsX3VzZXIiOiI5Nzg3IiwibGVhZF9zb3VyY2UiOiIwIiwicmVmcmVzaF90b2tlbiI6IlhVTnVleGRZd0dxcXlLa2h4Y1FwIiwidGltZXN0YW1wIjoxNzcwMjEzNjA0fQ.rBTDqVnHhgDA2drBOBHlBO5Pf_9d6vGL-ycNylxQnCc',
  code: 200
}
Healthians Access Token Refreshed
Serviceability Data: {
  "status": false,
  "message": "This Lat Long is not serviceable.",
  "data": null,
  "resCode": "RES0031",
  "code": 200
}
[0mGET /api/slots?lat=26.3905621&long=80.30459669999999&zipcode=208021 [33m400[0m 1716.301 ms - 174[0m
[0mGET /api/location/geocode?pincode=122016 [36m304[0m 127.756 ms - -[0m
Healthians Auth Response Status: 200
Healthians Auth Response Data: {
  success: true,
  refresh_token: 'OOFQCWcqtBfCJsJsbWtu',
  access_token: 'eyJ0eXAiOiJKV1QiLCJhbGciOiJIUzI1NiJ9.eyJhcGlfc291cmNlX2lkIjoiMTEyMSIsImFwaV9zb3VyY2VfbmFtZSI6ImRvY25vdyIsImNoYW5uZWxfdHlwZSI6IjMiLCJjaGFubmVsX3VzZXIiOiI5Nzg3IiwibGVhZF9zb3VyY2UiOiIwIiwicmVmcmVzaF90b2tlbiI6Ik9PRlFDV2NxdEJmQ0pzSnNiV3R1IiwidGltZXN0YW1wIjoxNzcwMjEzNjA5fQ.N2HSMndqdxO63BElB8PcWT28JwapBbJMuoP2eteWgV4',
  code: 200
}
Healthians Access Token Refreshed
Serviceability Data: {
  "status": true,
  "message": "This Lat Long is serviceable.",
  "data": {
    "zone_id": "53"
  },
  "resCode": "RES0001",
  "code": 200
}
Zone ID: 53
Slot Request Params: {
  lat: '28.5079338',
  long: '77.0751538',
  zipcode: '122016',
  zone_id: '53',
  slot_date: '2026-02-04',
  amount: 650,
  package: [ { deal_id: [Array] } ]
}
Healthians Auth Response Status: 200
Healthians Auth Response Data: {
  success: true,
  refresh_token: 'GpGFKWUbnTsydmgKuyqm',
  access_token: 'eyJ0eXAiOiJKV1QiLCJhbGciOiJIUzI1NiJ9.eyJhcGlfc291cmNlX2lkIjoiMTEyMSIsImFwaV9zb3VyY2VfbmFtZSI6ImRvY25vdyIsImNoYW5uZWxfdHlwZSI6IjMiLCJjaGFubmVsX3VzZXIiOiI5Nzg3IiwibGVhZF9zb3VyY2UiOiIwIiwicmVmcmVzaF90b2tlbiI6IkdwR0ZLV1ViblRzeWRtZ0t1eXFtIiwidGltZXN0YW1wIjoxNzcwMjEzNjEwfQ.HWbGAHP31L63P-I11cZpgwArRt0Uk6lJF3CEDFKPgao',
  code: 200
}
Healthians Access Token Refreshed
getSlotsByLocation Error: AxiosError: Request failed with status code 405
    at settle (/home/rajanni/Desktop/DOCNOW/server/node_modules/axios/lib/core/settle.js:19:12)
    at IncomingMessage.handleStreamEnd (/home/rajanni/Desktop/DOCNOW/server/node_modules/axios/lib/adapters/http.js:798:11)
    at IncomingMessage.emit (node:events:520:35)
    at IncomingMessage.emit (node:domain:489:12)
    at endReadableNT (node:internal/streams/readable:1701:12)
    at processTicksAndRejections (node:internal/process/task_queues:89:21)
    at Axios.request (/home/rajanni/Desktop/DOCNOW/server/node_modules/axios/lib/core/Axios.js:45:41)
    at processTicksAndRejections (node:internal/process/task_queues:103:5)
    at async HealthiansAdapter.getSlotsByLocation (/home/rajanni/Desktop/DOCNOW/server/src/adapters/healthians.ts:155:30)
    at async /home/rajanni/Desktop/DOCNOW/server/src/routes/slots.ts:88:27 {
  isAxiosError: true,
  code: 'ERR_BAD_REQUEST',
  config: {
    transitional: {
      silentJSONParsing: true,
      forcedJSONParsing: true,
      clarifyTimeoutError: false
    },
    adapter: [ 'xhr', 'http', 'fetch' ],
    transformRequest: [ [Function: transformRequest] ],
    transformResponse: [ [Function: transformResponse] ],
    timeout: 0,
    xsrfCookieName: 'XSRF-TOKEN',
    xsrfHeaderName: 'X-XSRF-TOKEN',
    maxContentLength: -1,
    maxBodyLength: -1,
    env: { FormData: [Function], Blob: [class Blob] },
    validateStatus: [Function: validateStatus],
    headers: Object [AxiosHeaders] {
      Accept: 'application/json, text/plain, */*',
      'Content-Type': 'application/json',
      Authorization: 'Bearer eyJ0eXAiOiJKV1QiLCJhbGciOiJIUzI1NiJ9.eyJhcGlfc291cmNlX2lkIjoiMTEyMSIsImFwaV9zb3VyY2VfbmFtZSI6ImRvY25vdyIsImNoYW5uZWxfdHlwZSI6IjMiLCJjaGFubmVsX3VzZXIiOiI5Nzg3IiwibGVhZF9zb3VyY2UiOiIwIiwicmVmcmVzaF90b2tlbiI6IkdwR0ZLV1ViblRzeWRtZ0t1eXFtIiwidGltZXN0YW1wIjoxNzcwMjEzNjEwfQ.HWbGAHP31L63P-I11cZpgwArRt0Uk6lJF3CEDFKPgao',
      'User-Agent': 'axios/1.13.4',
      'Content-Length': '207',
      'Accept-Encoding': 'gzip, compress, deflate, br'
    },
    baseURL: 'https://t25crm.healthians.co.in/api/docnow',
    method: 'post',
    url: '/getslotsbylocation',
    data: '{"lat":"28.5079338","long":"77.0751538","zipcode":"122016","zone_id":"53","slot_date":"2026-02-04","amount":650,"package":[{"deal_id":["profile_1","parameter_18"]}],"get_ppmc_slots":0,"has_female_patient":0}',
    allowAbsoluteUrls: true
  },
  request: <ref *1> ClientRequest {
    _events: [Object: null prototype] {
      abort: [Function (anonymous)],
      aborted: [Function (anonymous)],
      connect: [Function (anonymous)],
      error: [Function (anonymous)],
      socket: [Function (anonymous)],
      timeout: [Function (anonymous)],
      finish: [Function: requestOnFinish]
    },
    _eventsCount: 7,
    _maxListeners: undefined,
    outputData: [],
    outputSize: 0,
    writable: true,
    destroyed: true,
    _last: false,
    chunkedEncoding: false,
    shouldKeepAlive: true,
    maxRequestsOnConnectionReached: false,
    _defaultKeepAlive: true,
    useChunkedEncodingByDefault: true,
    sendDate: false,
    _removedConnection: false,
    _removedContLen: false,
    _removedTE: false,
    strictContentLength: false,
    _contentLength: 207,
    _hasBody: true,
    _trailer: '',
    finished: true,
    _headerSent: true,
    _closed: true,
    _header: 'POST /api/docnow/getslotsbylocation HTTP/1.1\r\n' +
      'Accept: application/json, text/plain, */*\r\n' +
      'Content-Type: application/json\r\n' +
      'Authorization: Bearer eyJ0eXAiOiJKV1QiLCJhbGciOiJIUzI1NiJ9.eyJhcGlfc291cmNlX2lkIjoiMTEyMSIsImFwaV9zb3VyY2VfbmFtZSI6ImRvY25vdyIsImNoYW5uZWxfdHlwZSI6IjMiLCJjaGFubmVsX3VzZXIiOiI5Nzg3IiwibGVhZF9zb3VyY2UiOiIwIiwicmVmcmVzaF90b2tlbiI6IkdwR0ZLV1ViblRzeWRtZ0t1eXFtIiwidGltZXN0YW1wIjoxNzcwMjEzNjEwfQ.HWbGAHP31L63P-I11cZpgwArRt0Uk6lJF3CEDFKPgao\r\n' +
      'User-Agent: axios/1.13.4\r\n' +
      'Content-Length: 207\r\n' +
      'Accept-Encoding: gzip, compress, deflate, br\r\n' +
      'Host: t25crm.healthians.co.in\r\n' +
      'Connection: keep-alive\r\n' +
      '\r\n',
    _keepAliveTimeout: 0,
    _onPendingData: [Function: nop],
    agent: Agent {
      _events: [Object: null prototype],
      _eventsCount: 2,
      _maxListeners: undefined,
      options: [Object: null prototype],
      defaultPort: 443,
      protocol: 'https:',
      requests: [Object: null prototype] {},
      sockets: [Object: null prototype] {},
      freeSockets: [Object: null prototype],
      keepAliveMsecs: 1000,
      keepAlive: true,
      maxSockets: Infinity,
      maxFreeSockets: 256,
      scheduling: 'lifo',
      maxTotalSockets: Infinity,
      totalSocketCount: 2,
      agentKeepAliveTimeoutBuffer: 1000,
      maxCachedSessions: 100,
      _sessionCache: [Object],
      Symbol(shapeMode): false,
      Symbol(kCapture): false
    },
    socketPath: undefined,
    method: 'POST',
    maxHeaderSize: undefined,
    insecureHTTPParser: undefined,
    joinDuplicateHeaders: undefined,
    path: '/api/docnow/getslotsbylocation',
    _ended: true,
    res: IncomingMessage {
      _events: [Object],
      _readableState: [ReadableState],
      _maxListeners: undefined,
      socket: null,
      httpVersionMajor: 1,
      httpVersionMinor: 1,
      httpVersion: '1.1',
      complete: true,
      rawHeaders: [Array],
      rawTrailers: [],
      joinDuplicateHeaders: undefined,
      aborted: false,
      upgrade: false,
      url: '',
      method: null,
      statusCode: 405,
      statusMessage: 'Method Not Allowed',
      client: [TLSSocket],
      _consuming: true,
      _dumped: false,
      req: [Circular *1],
      _eventsCount: 4,
      responseUrl: 'https://t25crm.healthians.co.in/api/docnow/getslotsbylocation',
      redirects: [],
      Symbol(shapeMode): true,
      Symbol(kCapture): false,
      Symbol(kHeaders): [Object],
      Symbol(kHeadersCount): 30,
      Symbol(kTrailers): null,
      Symbol(kTrailersCount): 0
    },
    aborted: false,
    timeoutCb: null,
    upgradeOrConnect: false,
    parser: null,
    maxHeadersCount: null,
    reusedSocket: true,
    host: 't25crm.healthians.co.in',
    protocol: 'https:',
    _redirectable: Writable {
      _events: [Object],
      _writableState: [WritableState],
      _maxListeners: undefined,
      _options: [Object],
      _ended: true,
      _ending: true,
      _redirectCount: 0,
      _redirects: [],
      _requestBodyLength: 207,
      _requestBodyBuffers: [],
      _eventsCount: 3,
      _onNativeResponse: [Function (anonymous)],
      _currentRequest: [Circular *1],
      _currentUrl: 'https://t25crm.healthians.co.in/api/docnow/getslotsbylocation',
      _timeout: null,
      Symbol(shapeMode): true,
      Symbol(kCapture): false
    },
    Symbol(shapeMode): false,
    Symbol(kCapture): false,
    Symbol(kBytesWritten): 0,
    Symbol(kNeedDrain): false,
    Symbol(corked): 0,
    Symbol(kChunkedBuffer): [],
    Symbol(kChunkedLength): 0,
    Symbol(kSocket): TLSSocket {
      _tlsOptions: [Object],
      _secureEstablished: true,
      _securePending: false,
      _newSessionPending: false,
      _controlReleased: true,
      secureConnecting: false,
      _SNICallback: null,
      servername: 't25crm.healthians.co.in',
      alpnProtocol: false,
      authorized: true,
      authorizationError: null,
      encrypted: true,
      _events: [Object: null prototype],
      _eventsCount: 9,
      connecting: false,
      _hadError: false,
      _parent: null,
      _host: 't25crm.healthians.co.in',
      _closeAfterHandlingError: false,
      _readableState: [ReadableState],
      _writableState: [WritableState],
      allowHalfOpen: false,
      _maxListeners: undefined,
      _sockname: null,
      _pendingData: null,
      _pendingEncoding: '',
      server: undefined,
      _server: null,
      ssl: [TLSWrap],
      _requestCert: true,
      _rejectUnauthorized: true,
      timeout: 5000,
      parser: null,
      _httpMessage: null,
      autoSelectFamilyAttemptedAddresses: [Array],
      Symbol(alpncallback): null,
      Symbol(res): [TLSWrap],
      Symbol(verified): true,
      Symbol(pendingSession): null,
      Symbol(async_id_symbol): -1,
      Symbol(kHandle): [TLSWrap],
      Symbol(lastWriteQueueSize): 0,
      Symbol(timeout): Timeout {
        _idleTimeout: 5000,
        _idlePrev: [TimersList],
        _idleNext: [Timeout],
        _idleStart: 191132,
        _onTimeout: [Function: bound ],
        _timerArgs: undefined,
        _repeat: null,
        _destroyed: false,
        Symbol(refed): false,
        Symbol(kHasPrimitive): false,
        Symbol(asyncId): 497,
        Symbol(triggerId): 495,
        Symbol(kAsyncContextFrame): undefined
      },
      Symbol(kBuffer): null,
      Symbol(kBufferCb): null,
      Symbol(kBufferGen): null,
      Symbol(shapeMode): true,
      Symbol(kCapture): false,
      Symbol(kSetNoDelay): false,
      Symbol(kSetKeepAlive): true,
      Symbol(kSetKeepAliveInitialDelay): 1,
      Symbol(kBytesRead): 0,
      Symbol(kBytesWritten): 0,
      Symbol(connect-options): [Object]
    },
    Symbol(kOutHeaders): [Object: null prototype] {
      accept: [Array],
      'content-type': [Array],
      authorization: [Array],
      'user-agent': [Array],
      'content-length': [Array],
      'accept-encoding': [Array],
      host: [Array]
    },
    Symbol(errored): null,
    Symbol(kHighWaterMark): 65536,
    Symbol(kRejectNonStandardBodyWrites): false,
    Symbol(kUniqueHeaders): null
  },
  response: {
    status: 405,
    statusText: 'Method Not Allowed',
    headers: Object [AxiosHeaders] {
      'content-type': 'application/json; charset=utf-8',
      'transfer-encoding': 'chunked',
      connection: 'keep-alive',
      date: 'Wed, 04 Feb 2026 14:00:11 GMT',
      'access-control-allow-headers': 'Origin, Accept, Content-Length, Content-Type, Date, X-Response-Time, X-CSRF-Token, X-Requested-With, X-Api-Token',
      'access-control-allow-methods': 'GET,POST,PUT,OPTIONS',
      'x-powered-by': 'Team Healthians',
      server: 'Operation Theatre v1.0',
      'x-factor': 'hr@healthians.com',
      'set-cookie': [Array],
      'x-php-response-code': '405',
      'x-cache': 'Error from cloudfront',
      via: '1.1 392f71198308af92a41c79306366e14e.cloudfront.net (CloudFront)',
      'x-amz-cf-pop': 'DEL51-P1',
      'x-amz-cf-id': 'M0HnJBj6yACn5RCp3kEQ3vJvqOt8wpre85A3mZ9uLr_uGZsN1kN4IA=='
    },
    config: {
      transitional: [Object],
      adapter: [Array],
      transformRequest: [Array],
      transformResponse: [Array],
      timeout: 0,
      xsrfCookieName: 'XSRF-TOKEN',
      xsrfHeaderName: 'X-XSRF-TOKEN',
      maxContentLength: -1,
      maxBodyLength: -1,
      env: [Object],
      validateStatus: [Function: validateStatus],
      headers: [Object [AxiosHeaders]],
      baseURL: 'https://t25crm.healthians.co.in/api/docnow',
      method: 'post',
      url: '/getslotsbylocation',
      data: '{"lat":"28.5079338","long":"77.0751538","zipcode":"122016","zone_id":"53","slot_date":"2026-02-04","amount":650,"package":[{"deal_id":["profile_1","parameter_18"]}],"get_ppmc_slots":0,"has_female_patient":0}',
      allowAbsoluteUrls: true
    },
    request: <ref *1> ClientRequest {
      _events: [Object: null prototype],
      _eventsCount: 7,
      _maxListeners: undefined,
      outputData: [],
      outputSize: 0,
      writable: true,
      destroyed: true,
      _last: false,
      chunkedEncoding: false,
      shouldKeepAlive: true,
      maxRequestsOnConnectionReached: false,
      _defaultKeepAlive: true,
      useChunkedEncodingByDefault: true,
      sendDate: false,
      _removedConnection: false,
      _removedContLen: false,
      _removedTE: false,
      strictContentLength: false,
      _contentLength: 207,
      _hasBody: true,
      _trailer: '',
      finished: true,
      _headerSent: true,
      _closed: true,
      _header: 'POST /api/docnow/getslotsbylocation HTTP/1.1\r\n' +
        'Accept: application/json, text/plain, */*\r\n' +
        'Content-Type: application/json\r\n' +
        'Authorization: Bearer eyJ0eXAiOiJKV1QiLCJhbGciOiJIUzI1NiJ9.eyJhcGlfc291cmNlX2lkIjoiMTEyMSIsImFwaV9zb3VyY2VfbmFtZSI6ImRvY25vdyIsImNoYW5uZWxfdHlwZSI6IjMiLCJjaGFubmVsX3VzZXIiOiI5Nzg3IiwibGVhZF9zb3VyY2UiOiIwIiwicmVmcmVzaF90b2tlbiI6IkdwR0ZLV1ViblRzeWRtZ0t1eXFtIiwidGltZXN0YW1wIjoxNzcwMjEzNjEwfQ.HWbGAHP31L63P-I11cZpgwArRt0Uk6lJF3CEDFKPgao\r\n' +
        'User-Agent: axios/1.13.4\r\n' +
        'Content-Length: 207\r\n' +
        'Accept-Encoding: gzip, compress, deflate, br\r\n' +
        'Host: t25crm.healthians.co.in\r\n' +
        'Connection: keep-alive\r\n' +
        '\r\n',
      _keepAliveTimeout: 0,
      _onPendingData: [Function: nop],
      agent: [Agent],
      socketPath: undefined,
      method: 'POST',
      maxHeaderSize: undefined,
      insecureHTTPParser: undefined,
      joinDuplicateHeaders: undefined,
      path: '/api/docnow/getslotsbylocation',
      _ended: true,
      res: [IncomingMessage],
      aborted: false,
      timeoutCb: null,
      upgradeOrConnect: false,
      parser: null,
      maxHeadersCount: null,
      reusedSocket: true,
      host: 't25crm.healthians.co.in',
      protocol: 'https:',
      _redirectable: [Writable],
      Symbol(shapeMode): false,
      Symbol(kCapture): false,
      Symbol(kBytesWritten): 0,
      Symbol(kNeedDrain): false,
      Symbol(corked): 0,
      Symbol(kChunkedBuffer): [],
      Symbol(kChunkedLength): 0,
      Symbol(kSocket): [TLSSocket],
      Symbol(kOutHeaders): [Object: null prototype],
      Symbol(errored): null,
      Symbol(kHighWaterMark): 65536,
      Symbol(kRejectNonStandardBodyWrites): false,
      Symbol(kUniqueHeaders): null
    },
    data: { error: 'Invalid Request Method :: POST', code: 405 }
  },
  status: 405
}
Error fetching slots: AxiosError: Request failed with status code 405
    at settle (/home/rajanni/Desktop/DOCNOW/server/node_modules/axios/lib/core/settle.js:19:12)
    at IncomingMessage.handleStreamEnd (/home/rajanni/Desktop/DOCNOW/server/node_modules/axios/lib/adapters/http.js:798:11)
    at IncomingMessage.emit (node:events:520:35)
    at IncomingMessage.emit (node:domain:489:12)
    at endReadableNT (node:internal/streams/readable:1701:12)
    at processTicksAndRejections (node:internal/process/task_queues:89:21)
    at Axios.request (/home/rajanni/Desktop/DOCNOW/server/node_modules/axios/lib/core/Axios.js:45:41)
    at processTicksAndRejections (node:internal/process/task_queues:103:5)
    at async HealthiansAdapter.getSlotsByLocation (/home/rajanni/Desktop/DOCNOW/server/src/adapters/healthians.ts:155:30)
    at async /home/rajanni/Desktop/DOCNOW/server/src/routes/slots.ts:88:27 {
  isAxiosError: true,
  code: 'ERR_BAD_REQUEST',
  config: {
    transitional: {
      silentJSONParsing: true,
      forcedJSONParsing: true,
      clarifyTimeoutError: false
    },
    adapter: [ 'xhr', 'http', 'fetch' ],
    transformRequest: [ [Function: transformRequest] ],
    transformResponse: [ [Function: transformResponse] ],
    timeout: 0,
    xsrfCookieName: 'XSRF-TOKEN',
    xsrfHeaderName: 'X-XSRF-TOKEN',
    maxContentLength: -1,
    maxBodyLength: -1,
    env: { FormData: [Function], Blob: [class Blob] },
    validateStatus: [Function: validateStatus],
    headers: Object [AxiosHeaders] {
      Accept: 'application/json, text/plain, */*',
      'Content-Type': 'application/json',
      Authorization: 'Bearer eyJ0eXAiOiJKV1QiLCJhbGciOiJIUzI1NiJ9.eyJhcGlfc291cmNlX2lkIjoiMTEyMSIsImFwaV9zb3VyY2VfbmFtZSI6ImRvY25vdyIsImNoYW5uZWxfdHlwZSI6IjMiLCJjaGFubmVsX3VzZXIiOiI5Nzg3IiwibGVhZF9zb3VyY2UiOiIwIiwicmVmcmVzaF90b2tlbiI6IkdwR0ZLV1ViblRzeWRtZ0t1eXFtIiwidGltZXN0YW1wIjoxNzcwMjEzNjEwfQ.HWbGAHP31L63P-I11cZpgwArRt0Uk6lJF3CEDFKPgao',
      'User-Agent': 'axios/1.13.4',
      'Content-Length': '207',
      'Accept-Encoding': 'gzip, compress, deflate, br'
    },
    baseURL: 'https://t25crm.healthians.co.in/api/docnow',
    method: 'post',
    url: '/getslotsbylocation',
    data: '{"lat":"28.5079338","long":"77.0751538","zipcode":"122016","zone_id":"53","slot_date":"2026-02-04","amount":650,"package":[{"deal_id":["profile_1","parameter_18"]}],"get_ppmc_slots":0,"has_female_patient":0}',
    allowAbsoluteUrls: true
  },
  request: <ref *1> ClientRequest {
    _events: [Object: null prototype] {
      abort: [Function (anonymous)],
      aborted: [Function (anonymous)],
      connect: [Function (anonymous)],
      error: [Function (anonymous)],
      socket: [Function (anonymous)],
      timeout: [Function (anonymous)],
      finish: [Function: requestOnFinish]
    },
    _eventsCount: 7,
    _maxListeners: undefined,
    outputData: [],
    outputSize: 0,
    writable: true,
    destroyed: true,
    _last: false,
    chunkedEncoding: false,
    shouldKeepAlive: true,
    maxRequestsOnConnectionReached: false,
    _defaultKeepAlive: true,
    useChunkedEncodingByDefault: true,
    sendDate: false,
    _removedConnection: false,
    _removedContLen: false,
    _removedTE: false,
    strictContentLength: false,
    _contentLength: 207,
    _hasBody: true,
    _trailer: '',
    finished: true,
    _headerSent: true,
    _closed: true,
    _header: 'POST /api/docnow/getslotsbylocation HTTP/1.1\r\n' +
      'Accept: application/json, text/plain, */*\r\n' +
      'Content-Type: application/json\r\n' +
      'Authorization: Bearer eyJ0eXAiOiJKV1QiLCJhbGciOiJIUzI1NiJ9.eyJhcGlfc291cmNlX2lkIjoiMTEyMSIsImFwaV9zb3VyY2VfbmFtZSI6ImRvY25vdyIsImNoYW5uZWxfdHlwZSI6IjMiLCJjaGFubmVsX3VzZXIiOiI5Nzg3IiwibGVhZF9zb3VyY2UiOiIwIiwicmVmcmVzaF90b2tlbiI6IkdwR0ZLV1ViblRzeWRtZ0t1eXFtIiwidGltZXN0YW1wIjoxNzcwMjEzNjEwfQ.HWbGAHP31L63P-I11cZpgwArRt0Uk6lJF3CEDFKPgao\r\n' +
      'User-Agent: axios/1.13.4\r\n' +
      'Content-Length: 207\r\n' +
      'Accept-Encoding: gzip, compress, deflate, br\r\n' +
      'Host: t25crm.healthians.co.in\r\n' +
      'Connection: keep-alive\r\n' +
      '\r\n',
    _keepAliveTimeout: 0,
    _onPendingData: [Function: nop],
    agent: Agent {
      _events: [Object: null prototype],
      _eventsCount: 2,
      _maxListeners: undefined,
      options: [Object: null prototype],
      defaultPort: 443,
      protocol: 'https:',
      requests: [Object: null prototype] {},
      sockets: [Object: null prototype] {},
      freeSockets: [Object: null prototype],
      keepAliveMsecs: 1000,
      keepAlive: true,
      maxSockets: Infinity,
      maxFreeSockets: 256,
      scheduling: 'lifo',
      maxTotalSockets: Infinity,
      totalSocketCount: 2,
      agentKeepAliveTimeoutBuffer: 1000,
      maxCachedSessions: 100,
      _sessionCache: [Object],
      Symbol(shapeMode): false,
      Symbol(kCapture): false
    },
    socketPath: undefined,
    method: 'POST',
    maxHeaderSize: undefined,
    insecureHTTPParser: undefined,
    joinDuplicateHeaders: undefined,
    path: '/api/docnow/getslotsbylocation',
    _ended: true,
    res: IncomingMessage {
      _events: [Object],
      _readableState: [ReadableState],
      _maxListeners: undefined,
      socket: null,
      httpVersionMajor: 1,
      httpVersionMinor: 1,
      httpVersion: '1.1',
      complete: true,
      rawHeaders: [Array],
      rawTrailers: [],
      joinDuplicateHeaders: undefined,
      aborted: false,
      upgrade: false,
      url: '',
      method: null,
      statusCode: 405,
      statusMessage: 'Method Not Allowed',
      client: [TLSSocket],
      _consuming: true,
      _dumped: false,
      req: [Circular *1],
      _eventsCount: 4,
      responseUrl: 'https://t25crm.healthians.co.in/api/docnow/getslotsbylocation',
      redirects: [],
      Symbol(shapeMode): true,
      Symbol(kCapture): false,
      Symbol(kHeaders): [Object],
      Symbol(kHeadersCount): 30,
      Symbol(kTrailers): null,
      Symbol(kTrailersCount): 0
    },
    aborted: false,
    timeoutCb: null,
    upgradeOrConnect: false,
    parser: null,
    maxHeadersCount: null,
    reusedSocket: true,
    host: 't25crm.healthians.co.in',
    protocol: 'https:',
    _redirectable: Writable {
      _events: [Object],
      _writableState: [WritableState],
      _maxListeners: undefined,
      _options: [Object],
      _ended: true,
      _ending: true,
      _redirectCount: 0,
      _redirects: [],
      _requestBodyLength: 207,
      _requestBodyBuffers: [],
      _eventsCount: 3,
      _onNativeResponse: [Function (anonymous)],
      _currentRequest: [Circular *1],
      _currentUrl: 'https://t25crm.healthians.co.in/api/docnow/getslotsbylocation',
      _timeout: null,
      Symbol(shapeMode): true,
      Symbol(kCapture): false
    },
    Symbol(shapeMode): false,
    Symbol(kCapture): false,
    Symbol(kBytesWritten): 0,
    Symbol(kNeedDrain): false,
    Symbol(corked): 0,
    Symbol(kChunkedBuffer): [],
    Symbol(kChunkedLength): 0,
    Symbol(kSocket): TLSSocket {
      _tlsOptions: [Object],
      _secureEstablished: true,
      _securePending: false,
      _newSessionPending: false,
      _controlReleased: true,
      secureConnecting: false,
      _SNICallback: null,
      servername: 't25crm.healthians.co.in',
      alpnProtocol: false,
      authorized: true,
      authorizationError: null,
      encrypted: true,
      _events: [Object: null prototype],
      _eventsCount: 9,
      connecting: false,
      _hadError: false,
      _parent: null,
      _host: 't25crm.healthians.co.in',
      _closeAfterHandlingError: false,
      _readableState: [ReadableState],
      _writableState: [WritableState],
      allowHalfOpen: false,
      _maxListeners: undefined,
      _sockname: null,
      _pendingData: null,
      _pendingEncoding: '',
      server: undefined,
      _server: null,
      ssl: [TLSWrap],
      _requestCert: true,
      _rejectUnauthorized: true,
      timeout: 5000,
      parser: null,
      _httpMessage: null,
      autoSelectFamilyAttemptedAddresses: [Array],
      Symbol(alpncallback): null,
      Symbol(res): [TLSWrap],
      Symbol(verified): true,
      Symbol(pendingSession): null,
      Symbol(async_id_symbol): -1,
      Symbol(kHandle): [TLSWrap],
      Symbol(lastWriteQueueSize): 0,
      Symbol(timeout): Timeout {
        _idleTimeout: 5000,
        _idlePrev: [TimersList],
        _idleNext: [Timeout],
        _idleStart: 191132,
        _onTimeout: [Function: bound ],
        _timerArgs: undefined,
        _repeat: null,
        _destroyed: false,
        Symbol(refed): false,
        Symbol(kHasPrimitive): false,
        Symbol(asyncId): 497,
        Symbol(triggerId): 495,
        Symbol(kAsyncContextFrame): undefined
      },
      Symbol(kBuffer): null,
      Symbol(kBufferCb): null,
      Symbol(kBufferGen): null,
      Symbol(shapeMode): true,
      Symbol(kCapture): false,
      Symbol(kSetNoDelay): false,
      Symbol(kSetKeepAlive): true,
      Symbol(kSetKeepAliveInitialDelay): 1,
      Symbol(kBytesRead): 0,
      Symbol(kBytesWritten): 0,
      Symbol(connect-options): [Object]
    },
    Symbol(kOutHeaders): [Object: null prototype] {
      accept: [Array],
      'content-type': [Array],
      authorization: [Array],
      'user-agent': [Array],
      'content-length': [Array],
      'accept-encoding': [Array],
      host: [Array]
    },
    Symbol(errored): null,
    Symbol(kHighWaterMark): 65536,
    Symbol(kRejectNonStandardBodyWrites): false,
    Symbol(kUniqueHeaders): null
  },
  response: {
    status: 405,
    statusText: 'Method Not Allowed',
    headers: Object [AxiosHeaders] {
      'content-type': 'application/json; charset=utf-8',
      'transfer-encoding': 'chunked',
      connection: 'keep-alive',
      date: 'Wed, 04 Feb 2026 14:00:11 GMT',
      'access-control-allow-headers': 'Origin, Accept, Content-Length, Content-Type, Date, X-Response-Time, X-CSRF-Token, X-Requested-With, X-Api-Token',
      'access-control-allow-methods': 'GET,POST,PUT,OPTIONS',
      'x-powered-by': 'Team Healthians',
      server: 'Operation Theatre v1.0',
      'x-factor': 'hr@healthians.com',
      'set-cookie': [Array],
      'x-php-response-code': '405',
      'x-cache': 'Error from cloudfront',
      via: '1.1 392f71198308af92a41c79306366e14e.cloudfront.net (CloudFront)',
      'x-amz-cf-pop': 'DEL51-P1',
      'x-amz-cf-id': 'M0HnJBj6yACn5RCp3kEQ3vJvqOt8wpre85A3mZ9uLr_uGZsN1kN4IA=='
    },
    config: {
      transitional: [Object],
      adapter: [Array],
      transformRequest: [Array],
      transformResponse: [Array],
      timeout: 0,
      xsrfCookieName: 'XSRF-TOKEN',
      xsrfHeaderName: 'X-XSRF-TOKEN',
      maxContentLength: -1,
      maxBodyLength: -1,
      env: [Object],
      validateStatus: [Function: validateStatus],
      headers: [Object [AxiosHeaders]],
      baseURL: 'https://t25crm.healthians.co.in/api/docnow',
      method: 'post',
      url: '/getslotsbylocation',
      data: '{"lat":"28.5079338","long":"77.0751538","zipcode":"122016","zone_id":"53","slot_date":"2026-02-04","amount":650,"package":[{"deal_id":["profile_1","parameter_18"]}],"get_ppmc_slots":0,"has_female_patient":0}',
      allowAbsoluteUrls: true
    },
    request: <ref *1> ClientRequest {
      _events: [Object: null prototype],
      _eventsCount: 7,
      _maxListeners: undefined,
      outputData: [],
      outputSize: 0,
      writable: true,
      destroyed: true,
      _last: false,
      chunkedEncoding: false,
      shouldKeepAlive: true,
      maxRequestsOnConnectionReached: false,
      _defaultKeepAlive: true,
      useChunkedEncodingByDefault: true,
      sendDate: false,
      _removedConnection: false,
      _removedContLen: false,
      _removedTE: false,
      strictContentLength: false,
      _contentLength: 207,
      _hasBody: true,
      _trailer: '',
      finished: true,
      _headerSent: true,
      _closed: true,
      _header: 'POST /api/docnow/getslotsbylocation HTTP/1.1\r\n' +
        'Accept: application/json, text/plain, */*\r\n' +
        'Content-Type: application/json\r\n' +
        'Authorization: Bearer eyJ0eXAiOiJKV1QiLCJhbGciOiJIUzI1NiJ9.eyJhcGlfc291cmNlX2lkIjoiMTEyMSIsImFwaV9zb3VyY2VfbmFtZSI6ImRvY25vdyIsImNoYW5uZWxfdHlwZSI6IjMiLCJjaGFubmVsX3VzZXIiOiI5Nzg3IiwibGVhZF9zb3VyY2UiOiIwIiwicmVmcmVzaF90b2tlbiI6IkdwR0ZLV1ViblRzeWRtZ0t1eXFtIiwidGltZXN0YW1wIjoxNzcwMjEzNjEwfQ.HWbGAHP31L63P-I11cZpgwArRt0Uk6lJF3CEDFKPgao\r\n' +
        'User-Agent: axios/1.13.4\r\n' +
        'Content-Length: 207\r\n' +
        'Accept-Encoding: gzip, compress, deflate, br\r\n' +
        'Host: t25crm.healthians.co.in\r\n' +
        'Connection: keep-alive\r\n' +
        '\r\n',
      _keepAliveTimeout: 0,
      _onPendingData: [Function: nop],
      agent: [Agent],
      socketPath: undefined,
      method: 'POST',
      maxHeaderSize: undefined,
      insecureHTTPParser: undefined,
      joinDuplicateHeaders: undefined,
      path: '/api/docnow/getslotsbylocation',
      _ended: true,
      res: [IncomingMessage],
      aborted: false,
      timeoutCb: null,
      upgradeOrConnect: false,
      parser: null,
      maxHeadersCount: null,
      reusedSocket: true,
      host: 't25crm.healthians.co.in',
      protocol: 'https:',
      _redirectable: [Writable],
      Symbol(shapeMode): false,
      Symbol(kCapture): false,
      Symbol(kBytesWritten): 0,
      Symbol(kNeedDrain): false,
      Symbol(corked): 0,
      Symbol(kChunkedBuffer): [],
      Symbol(kChunkedLength): 0,
      Symbol(kSocket): [TLSSocket],
      Symbol(kOutHeaders): [Object: null prototype],
      Symbol(errored): null,
      Symbol(kHighWaterMark): 65536,
      Symbol(kRejectNonStandardBodyWrites): false,
      Symbol(kUniqueHeaders): null
    },
    data: { error: 'Invalid Request Method :: POST', code: 405 }
  },
  status: 405
}
[0mGET /api/slots?lat=28.5079338&long=77.0751538&zipcode=122016 [31m500[0m 2780.160 ms - 33[0m
[32m[nodemon] restarting due to changes...[39m
[32m[nodemon] starting `ts-node src/index.ts`[39m
